New best: 0.5333333333333333 Gene: ((f2 + (f1 + (f2 + ((f4 + f0) + (f0 % f3))))) + (((f4 + ((f5 + f5) + (-2 + f0))) + (((f0 + f3) + (0 % f5)) + (f3 + (f1 + f3)))) + ((f2 + (f4 + f1)) % f1))) < 0.8890430299839054
1 Best: 0.5333333333333333 Mean: 0.4960000000000001
New best: 0.55 Gene: ((f2 + (f1 + (f2 + (-4 + (f0 % f3))))) + (((f4 + ((f5 + f5) + (-2 + f0))) + (((f0 + f3) + (0 % f5)) + (f3 + (f1 + f1)))) + ((f2 + (f4 + f1)) % f1))) < 0.8890430299839054
2 Best: 0.55 Mean: 0.4973333333333333
3 Best: 0.55 Mean: 0.49933333333333335
4 Best: 0.55 Mean: 0.5026666666666667
5 Best: 0.55 Mean: 0.5043333333333332
6 Best: 0.55 Mean: 0.5086666666666667
7 Best: 0.55 Mean: 0.5039999999999999
New best: 0.5666666666666667 Gene: (f0 + ((f3 + (f4 + (f5 + f4))) % ((((f2 + f5) + (f3 + f2)) + (f5 + f1)) + f4))) < 0.6867176626328071
8 Best: 0.5666666666666667 Mean: 0.512
9 Best: 0.5666666666666667 Mean: 0.5036666666666665
10 Best: 0.5666666666666667 Mean: 0.5040000000000002
11 Best: 0.5666666666666667 Mean: 0.505
12 Best: 0.5666666666666667 Mean: 0.5073333333333334
13 Best: 0.5666666666666667 Mean: 0.502
14 Best: 0.5666666666666667 Mean: 0.5066666666666667
15 Best: 0.5666666666666667 Mean: 0.5076666666666667
16 Best: 0.5666666666666667 Mean: 0.5063333333333333
17 Best: 0.5666666666666667 Mean: 0.5093333333333335
18 Best: 0.5666666666666667 Mean: 0.508
19 Best: 0.5666666666666667 Mean: 0.5080000000000001
20 Best: 0.5666666666666667 Mean: 0.5069999999999998
21 Best: 0.5666666666666667 Mean: 0.508
22 Best: 0.5666666666666667 Mean: 0.513
23 Best: 0.5666666666666667 Mean: 0.5076666666666667
24 Best: 0.5666666666666667 Mean: 0.5116666666666666
25 Best: 0.5666666666666667 Mean: 0.5109999999999999
26 Best: 0.5666666666666667 Mean: 0.5123333333333332
27 Best: 0.5666666666666667 Mean: 0.5133333333333332
28 Best: 0.5666666666666667 Mean: 0.5123333333333333
29 Best: 0.5666666666666667 Mean: 0.5096666666666666
30 Best: 0.5666666666666667 Mean: 0.5123333333333333
31 Best: 0.5666666666666667 Mean: 0.5073333333333333
32 Best: 0.5666666666666667 Mean: 0.5133333333333332
33 Best: 0.5666666666666667 Mean: 0.5136666666666666
34 Best: 0.5666666666666667 Mean: 0.5143333333333332
35 Best: 0.5666666666666667 Mean: 0.5143333333333332
36 Best: 0.5666666666666667 Mean: 0.5156666666666666
37 Best: 0.5666666666666667 Mean: 0.5093333333333333
38 Best: 0.5666666666666667 Mean: 0.5156666666666666
39 Best: 0.5666666666666667 Mean: 0.5129999999999998
40 Best: 0.5666666666666667 Mean: 0.5119999999999999
41 Best: 0.5666666666666667 Mean: 0.5123333333333333
42 Best: 0.5666666666666667 Mean: 0.5119999999999999
43 Best: 0.5666666666666667 Mean: 0.5156666666666666
44 Best: 0.5666666666666667 Mean: 0.5089999999999999
45 Best: 0.5666666666666667 Mean: 0.5126666666666666
46 Best: 0.5666666666666667 Mean: 0.5119999999999999
47 Best: 0.5666666666666667 Mean: 0.513
48 Best: 0.5666666666666667 Mean: 0.5126666666666666
49 Best: 0.5666666666666667 Mean: 0.5133333333333333
50 Best: 0.5666666666666667 Mean: 0.5126666666666665
51 Best: 0.5666666666666667 Mean: 0.514
52 Best: 0.5666666666666667 Mean: 0.5133333333333332
53 Best: 0.5666666666666667 Mean: 0.5133333333333332
54 Best: 0.5666666666666667 Mean: 0.5116666666666666
55 Best: 0.5666666666666667 Mean: 0.5126666666666665
56 Best: 0.5666666666666667 Mean: 0.5119999999999998
57 Best: 0.5666666666666667 Mean: 0.5149999999999999
58 Best: 0.5666666666666667 Mean: 0.5146666666666666
59 Best: 0.5666666666666667 Mean: 0.5133333333333333
60 Best: 0.5666666666666667 Mean: 0.512
61 Best: 0.5666666666666667 Mean: 0.5133333333333332
62 Best: 0.5666666666666667 Mean: 0.5136666666666666
63 Best: 0.5666666666666667 Mean: 0.5153333333333332
64 Best: 0.5666666666666667 Mean: 0.5156666666666666
65 Best: 0.5666666666666667 Mean: 0.514
66 Best: 0.5666666666666667 Mean: 0.5153333333333332
67 Best: 0.5666666666666667 Mean: 0.5133333333333333
68 Best: 0.5666666666666667 Mean: 0.5136666666666665
69 Best: 0.5666666666666667 Mean: 0.5139999999999999
70 Best: 0.5666666666666667 Mean: 0.5126666666666666
71 Best: 0.5666666666666667 Mean: 0.5133333333333333
72 Best: 0.5666666666666667 Mean: 0.5126666666666666
73 Best: 0.5666666666666667 Mean: 0.5129999999999999
74 Best: 0.5666666666666667 Mean: 0.5133333333333332
75 Best: 0.5666666666666667 Mean: 0.5143333333333332
76 Best: 0.5666666666666667 Mean: 0.5143333333333333
77 Best: 0.5666666666666667 Mean: 0.5139999999999998
78 Best: 0.5666666666666667 Mean: 0.5139999999999999
79 Best: 0.5666666666666667 Mean: 0.5113333333333332
80 Best: 0.5666666666666667 Mean: 0.5133333333333332
81 Best: 0.5666666666666667 Mean: 0.5149999999999999
82 Best: 0.5666666666666667 Mean: 0.5153333333333332
83 Best: 0.5666666666666667 Mean: 0.5149999999999999
84 Best: 0.5666666666666667 Mean: 0.5116666666666666
85 Best: 0.5666666666666667 Mean: 0.5119999999999999
86 Best: 0.5666666666666667 Mean: 0.5126666666666665
87 Best: 0.5666666666666667 Mean: 0.5136666666666667
88 Best: 0.5666666666666667 Mean: 0.5143333333333333
89 Best: 0.5666666666666667 Mean: 0.513
90 Best: 0.5666666666666667 Mean: 0.5146666666666666
91 Best: 0.5666666666666667 Mean: 0.5116666666666667
92 Best: 0.5666666666666667 Mean: 0.5123333333333333
93 Best: 0.5666666666666667 Mean: 0.5133333333333333
94 Best: 0.5666666666666667 Mean: 0.5113333333333333
95 Best: 0.5666666666666667 Mean: 0.5156666666666666
96 Best: 0.5666666666666667 Mean: 0.5139999999999998
97 Best: 0.5666666666666667 Mean: 0.5139999999999999
98 Best: 0.5666666666666667 Mean: 0.5133333333333333
99 Best: 0.5666666666666667 Mean: 0.5143333333333333
100 Best: 0.5666666666666667 Mean: 0.5143333333333332
101 Best: 0.5666666666666667 Mean: 0.5133333333333333
102 Best: 0.5666666666666667 Mean: 0.5129999999999999
103 Best: 0.5666666666666667 Mean: 0.5146666666666666
104 Best: 0.5666666666666667 Mean: 0.5136666666666666
105 Best: 0.5666666666666667 Mean: 0.512
106 Best: 0.5666666666666667 Mean: 0.5113333333333333
107 Best: 0.5666666666666667 Mean: 0.5126666666666666
108 Best: 0.5666666666666667 Mean: 0.5123333333333332
109 Best: 0.5666666666666667 Mean: 0.512
110 Best: 0.5666666666666667 Mean: 0.5146666666666666
111 Best: 0.5666666666666667 Mean: 0.513
112 Best: 0.5666666666666667 Mean: 0.5143333333333332
113 Best: 0.5666666666666667 Mean: 0.5143333333333332
114 Best: 0.5666666666666667 Mean: 0.5136666666666666
115 Best: 0.5666666666666667 Mean: 0.5133333333333333
116 Best: 0.5666666666666667 Mean: 0.5126666666666665
117 Best: 0.5666666666666667 Mean: 0.5116666666666666
118 Best: 0.5666666666666667 Mean: 0.5133333333333333
119 Best: 0.5666666666666667 Mean: 0.5149999999999999
120 Best: 0.5666666666666667 Mean: 0.5126666666666666
121 Best: 0.5666666666666667 Mean: 0.5143333333333332
122 Best: 0.5666666666666667 Mean: 0.514
123 Best: 0.5666666666666667 Mean: 0.5143333333333332
124 Best: 0.5666666666666667 Mean: 0.513
125 Best: 0.5666666666666667 Mean: 0.5143333333333333
126 Best: 0.5666666666666667 Mean: 0.5136666666666666
127 Best: 0.5666666666666667 Mean: 0.5126666666666665
128 Best: 0.5666666666666667 Mean: 0.5123333333333333
129 Best: 0.5666666666666667 Mean: 0.5136666666666666
130 Best: 0.5666666666666667 Mean: 0.5139999999999999
131 Best: 0.5666666666666667 Mean: 0.5103333333333332
132 Best: 0.5666666666666667 Mean: 0.5136666666666666
133 Best: 0.5666666666666667 Mean: 0.5139999999999999
134 Best: 0.5666666666666667 Mean: 0.5126666666666665
135 Best: 0.5666666666666667 Mean: 0.5149999999999999
136 Best: 0.5666666666666667 Mean: 0.5083333333333333
137 Best: 0.5666666666666667 Mean: 0.5133333333333333
138 Best: 0.5666666666666667 Mean: 0.5113333333333333
139 Best: 0.5666666666666667 Mean: 0.5113333333333333
140 Best: 0.5666666666666667 Mean: 0.5113333333333333
141 Best: 0.5666666666666667 Mean: 0.5143333333333333
142 Best: 0.5666666666666667 Mean: 0.5126666666666666
143 Best: 0.5666666666666667 Mean: 0.5123333333333333
144 Best: 0.5666666666666667 Mean: 0.5126666666666665
145 Best: 0.5666666666666667 Mean: 0.5126666666666665
146 Best: 0.5666666666666667 Mean: 0.5129999999999999
147 Best: 0.5666666666666667 Mean: 0.5126666666666666
148 Best: 0.5666666666666667 Mean: 0.5133333333333333
149 Best: 0.5666666666666667 Mean: 0.5139999999999999
150 Best: 0.5666666666666667 Mean: 0.5116666666666666
151 Best: 0.5666666666666667 Mean: 0.5129999999999999
152 Best: 0.5666666666666667 Mean: 0.5109999999999999
153 Best: 0.5666666666666667 Mean: 0.5129999999999998
154 Best: 0.5666666666666667 Mean: 0.5103333333333332
155 Best: 0.5666666666666667 Mean: 0.5126666666666665
156 Best: 0.5666666666666667 Mean: 0.5119999999999999
157 Best: 0.5666666666666667 Mean: 0.5103333333333332
158 Best: 0.5666666666666667 Mean: 0.5143333333333332
159 Best: 0.5666666666666667 Mean: 0.5136666666666665
160 Best: 0.5666666666666667 Mean: 0.5136666666666665
161 Best: 0.5666666666666667 Mean: 0.5143333333333333
162 Best: 0.5666666666666667 Mean: 0.5139999999999998
163 Best: 0.5666666666666667 Mean: 0.512
164 Best: 0.5666666666666667 Mean: 0.5133333333333333
165 Best: 0.5666666666666667 Mean: 0.5166666666666665
166 Best: 0.5666666666666667 Mean: 0.5089999999999999
167 Best: 0.5666666666666667 Mean: 0.507
168 Best: 0.5666666666666667 Mean: 0.5119999999999998
169 Best: 0.5666666666666667 Mean: 0.5146666666666665
170 Best: 0.5666666666666667 Mean: 0.5133333333333333
171 Best: 0.5666666666666667 Mean: 0.5136666666666667
172 Best: 0.5666666666666667 Mean: 0.5159999999999999
173 Best: 0.5666666666666667 Mean: 0.5139999999999999
174 Best: 0.5666666666666667 Mean: 0.5123333333333333
175 Best: 0.5666666666666667 Mean: 0.5149999999999999
176 Best: 0.5666666666666667 Mean: 0.5153333333333332
177 Best: 0.5666666666666667 Mean: 0.5136666666666665
178 Best: 0.5666666666666667 Mean: 0.5116666666666666
179 Best: 0.5666666666666667 Mean: 0.5156666666666666
180 Best: 0.5666666666666667 Mean: 0.5143333333333332
181 Best: 0.5666666666666667 Mean: 0.5139999999999999
182 Best: 0.5666666666666667 Mean: 0.5146666666666665
183 Best: 0.5666666666666667 Mean: 0.5146666666666665
184 Best: 0.5666666666666667 Mean: 0.5143333333333333
185 Best: 0.5666666666666667 Mean: 0.5133333333333332
186 Best: 0.5666666666666667 Mean: 0.5153333333333332
187 Best: 0.5666666666666667 Mean: 0.514
188 Best: 0.5666666666666667 Mean: 0.5146666666666666
189 Best: 0.5666666666666667 Mean: 0.5143333333333332
190 Best: 0.5666666666666667 Mean: 0.5143333333333333
191 Best: 0.5666666666666667 Mean: 0.5136666666666665
192 Best: 0.5666666666666667 Mean: 0.5086666666666667
193 Best: 0.5666666666666667 Mean: 0.5123333333333333
194 Best: 0.5666666666666667 Mean: 0.5110000000000001
195 Best: 0.5666666666666667 Mean: 0.5123333333333331
196 Best: 0.5666666666666667 Mean: 0.5116666666666666
197 Best: 0.5666666666666667 Mean: 0.5106666666666666
198 Best: 0.5666666666666667 Mean: 0.5116666666666666
199 Best: 0.5666666666666667 Mean: 0.5103333333333332
200 Best: 0.5666666666666667 Mean: 0.5143333333333332
201 Best: 0.5666666666666667 Mean: 0.5136666666666665
202 Best: 0.5666666666666667 Mean: 0.5123333333333333
203 Best: 0.5666666666666667 Mean: 0.5143333333333332
204 Best: 0.5666666666666667 Mean: 0.5139999999999999
205 Best: 0.5666666666666667 Mean: 0.5143333333333333
206 Best: 0.5666666666666667 Mean: 0.5136666666666667
207 Best: 0.5666666666666667 Mean: 0.5136666666666666
208 Best: 0.5666666666666667 Mean: 0.5136666666666666
209 Best: 0.5666666666666667 Mean: 0.5116666666666666
210 Best: 0.5666666666666667 Mean: 0.5153333333333332
211 Best: 0.5666666666666667 Mean: 0.5136666666666666
212 Best: 0.5666666666666667 Mean: 0.5149999999999999
213 Best: 0.5666666666666667 Mean: 0.5126666666666666
214 Best: 0.5666666666666667 Mean: 0.514
215 Best: 0.5666666666666667 Mean: 0.5116666666666666
216 Best: 0.5666666666666667 Mean: 0.5149999999999999
217 Best: 0.5666666666666667 Mean: 0.5093333333333332
218 Best: 0.5666666666666667 Mean: 0.5136666666666666
219 Best: 0.5666666666666667 Mean: 0.5139999999999999
220 Best: 0.5666666666666667 Mean: 0.5149999999999999
221 Best: 0.5666666666666667 Mean: 0.5143333333333332
222 Best: 0.5666666666666667 Mean: 0.5146666666666665
223 Best: 0.5666666666666667 Mean: 0.5133333333333332
224 Best: 0.5666666666666667 Mean: 0.5129999999999998
225 Best: 0.5666666666666667 Mean: 0.5109999999999999
226 Best: 0.5666666666666667 Mean: 0.5136666666666666
227 Best: 0.5666666666666667 Mean: 0.512
228 Best: 0.5666666666666667 Mean: 0.5103333333333333
229 Best: 0.5666666666666667 Mean: 0.5123333333333333
230 Best: 0.5666666666666667 Mean: 0.5143333333333332
231 Best: 0.5666666666666667 Mean: 0.5133333333333333
232 Best: 0.5666666666666667 Mean: 0.5146666666666666
233 Best: 0.5666666666666667 Mean: 0.5139999999999999
234 Best: 0.5666666666666667 Mean: 0.5133333333333333
235 Best: 0.5666666666666667 Mean: 0.5159999999999999
236 Best: 0.5666666666666667 Mean: 0.5143333333333333
237 Best: 0.5666666666666667 Mean: 0.5133333333333333
238 Best: 0.5666666666666667 Mean: 0.5129999999999999
239 Best: 0.5666666666666667 Mean: 0.5133333333333332
240 Best: 0.5666666666666667 Mean: 0.5149999999999999
241 Best: 0.5666666666666667 Mean: 0.5149999999999999
242 Best: 0.5666666666666667 Mean: 0.5136666666666666
243 Best: 0.5666666666666667 Mean: 0.5096666666666666
244 Best: 0.5666666666666667 Mean: 0.5126666666666666
245 Best: 0.5666666666666667 Mean: 0.5146666666666666
246 Best: 0.5666666666666667 Mean: 0.511
247 Best: 0.5666666666666667 Mean: 0.5113333333333333
248 Best: 0.5666666666666667 Mean: 0.5109999999999999
249 Best: 0.5666666666666667 Mean: 0.5083333333333333
New best: 0.6833333333333333 Gene: (((-3 + f4) % (((f3 + f1) + f0) + f5)) + f2) < 0.6438854399178313
250 Best: 0.6833333333333333 Mean: 0.514
251 Best: 0.6833333333333333 Mean: 0.519
252 Best: 0.6833333333333333 Mean: 0.5176666666666666
253 Best: 0.6833333333333333 Mean: 0.506
254 Best: 0.6833333333333333 Mean: 0.5063333333333333
255 Best: 0.6833333333333333 Mean: 0.5113333333333333
256 Best: 0.6833333333333333 Mean: 0.5113333333333333
257 Best: 0.6833333333333333 Mean: 0.5106666666666666
258 Best: 0.6833333333333333 Mean: 0.5136666666666667
259 Best: 0.6833333333333333 Mean: 0.5126666666666665
260 Best: 0.6833333333333333 Mean: 0.5123333333333332
261 Best: 0.6833333333333333 Mean: 0.5139999999999999
262 Best: 0.6833333333333333 Mean: 0.5139999999999998
263 Best: 0.6833333333333333 Mean: 0.5116666666666666
264 Best: 0.6833333333333333 Mean: 0.5136666666666666
265 Best: 0.6833333333333333 Mean: 0.5149999999999999
266 Best: 0.6833333333333333 Mean: 0.5126666666666666
267 Best: 0.6833333333333333 Mean: 0.513
268 Best: 0.6833333333333333 Mean: 0.5119999999999999
269 Best: 0.6833333333333333 Mean: 0.5116666666666666
270 Best: 0.6833333333333333 Mean: 0.51
271 Best: 0.6833333333333333 Mean: 0.5109999999999999
272 Best: 0.6833333333333333 Mean: 0.5129999999999999
273 Best: 0.6833333333333333 Mean: 0.5133333333333332
274 Best: 0.6833333333333333 Mean: 0.5133333333333333
275 Best: 0.6833333333333333 Mean: 0.5143333333333332
276 Best: 0.6833333333333333 Mean: 0.5143333333333332
277 Best: 0.6833333333333333 Mean: 0.5113333333333332
278 Best: 0.6833333333333333 Mean: 0.5146666666666666
279 Best: 0.6833333333333333 Mean: 0.5133333333333333
280 Best: 0.6833333333333333 Mean: 0.5126666666666665
281 Best: 0.6833333333333333 Mean: 0.5136666666666665
282 Best: 0.6833333333333333 Mean: 0.5113333333333333
283 Best: 0.6833333333333333 Mean: 0.5136666666666666
284 Best: 0.6833333333333333 Mean: 0.5129999999999999
285 Best: 0.6833333333333333 Mean: 0.5143333333333333
286 Best: 0.6833333333333333 Mean: 0.5143333333333332
287 Best: 0.6833333333333333 Mean: 0.5139999999999999
288 Best: 0.6833333333333333 Mean: 0.5176666666666665
289 Best: 0.6833333333333333 Mean: 0.5169999999999999
290 Best: 0.6833333333333333 Mean: 0.5120000000000001
291 Best: 0.6833333333333333 Mean: 0.5146666666666666
292 Best: 0.6833333333333333 Mean: 0.5096666666666665
293 Best: 0.6833333333333333 Mean: 0.5143333333333334
294 Best: 0.6833333333333333 Mean: 0.5083333333333332
295 Best: 0.6833333333333333 Mean: 0.511
296 Best: 0.6833333333333333 Mean: 0.5133333333333333
297 Best: 0.6833333333333333 Mean: 0.5136666666666665
298 Best: 0.6833333333333333 Mean: 0.512
299 Best: 0.6833333333333333 Mean: 0.5126666666666665
300 Best: 0.6833333333333333 Mean: 0.5139999999999998
301 Best: 0.6833333333333333 Mean: 0.5136666666666667
302 Best: 0.6833333333333333 Mean: 0.5146666666666666
303 Best: 0.6833333333333333 Mean: 0.5123333333333333
304 Best: 0.6833333333333333 Mean: 0.5146666666666666
305 Best: 0.6833333333333333 Mean: 0.5146666666666666
306 Best: 0.6833333333333333 Mean: 0.5146666666666665
307 Best: 0.6833333333333333 Mean: 0.5103333333333332
308 Best: 0.6833333333333333 Mean: 0.5099999999999999
309 Best: 0.6833333333333333 Mean: 0.5156666666666666
310 Best: 0.6833333333333333 Mean: 0.5146666666666666
311 Best: 0.6833333333333333 Mean: 0.5099999999999999
312 Best: 0.6833333333333333 Mean: 0.5106666666666665
313 Best: 0.6833333333333333 Mean: 0.5116666666666666
314 Best: 0.6833333333333333 Mean: 0.5123333333333331
315 Best: 0.6833333333333333 Mean: 0.512
316 Best: 0.6833333333333333 Mean: 0.5133333333333333
317 Best: 0.6833333333333333 Mean: 0.514
318 Best: 0.6833333333333333 Mean: 0.5116666666666668
319 Best: 0.6833333333333333 Mean: 0.5039999999999999
320 Best: 0.6833333333333333 Mean: 0.5066666666666665
321 Best: 0.6833333333333333 Mean: 0.505
322 Best: 0.6833333333333333 Mean: 0.5086666666666667
323 Best: 0.6833333333333333 Mean: 0.5063333333333334
324 Best: 0.6833333333333333 Mean: 0.5096666666666667
325 Best: 0.6833333333333333 Mean: 0.5083333333333334
326 Best: 0.6833333333333333 Mean: 0.5043333333333334
327 Best: 0.6833333333333333 Mean: 0.5113333333333333
328 Best: 0.6833333333333333 Mean: 0.5096666666666666
329 Best: 0.6833333333333333 Mean: 0.5096666666666667
330 Best: 0.6833333333333333 Mean: 0.5089999999999999
331 Best: 0.6833333333333333 Mean: 0.5116666666666666
332 Best: 0.6833333333333333 Mean: 0.5096666666666667
333 Best: 0.6833333333333333 Mean: 0.5033333333333332
334 Best: 0.6833333333333333 Mean: 0.5143333333333334
335 Best: 0.6833333333333333 Mean: 0.5026666666666666
336 Best: 0.6833333333333333 Mean: 0.5126666666666665
337 Best: 0.6833333333333333 Mean: 0.5139999999999998
338 Best: 0.6833333333333333 Mean: 0.5156666666666666
339 Best: 0.6833333333333333 Mean: 0.507
340 Best: 0.6833333333333333 Mean: 0.5093333333333332
341 Best: 0.6833333333333333 Mean: 0.5066666666666666
342 Best: 0.6833333333333333 Mean: 0.5056666666666666
343 Best: 0.6833333333333333 Mean: 0.5056666666666666
344 Best: 0.6833333333333333 Mean: 0.5026666666666667
345 Best: 0.6833333333333333 Mean: 0.5033333333333334
346 Best: 0.6833333333333333 Mean: 0.5136666666666666
347 Best: 0.6833333333333333 Mean: 0.514
348 Best: 0.6833333333333333 Mean: 0.5083333333333333
349 Best: 0.6833333333333333 Mean: 0.5096666666666667
350 Best: 0.6833333333333333 Mean: 0.5106666666666666
351 Best: 0.6833333333333333 Mean: 0.5093333333333333
352 Best: 0.6833333333333333 Mean: 0.5143333333333332
353 Best: 0.6833333333333333 Mean: 0.5139999999999999
354 Best: 0.6833333333333333 Mean: 0.5146666666666665
355 Best: 0.6833333333333333 Mean: 0.5149999999999999
356 Best: 0.6833333333333333 Mean: 0.5113333333333333
357 Best: 0.6833333333333333 Mean: 0.5146666666666666
358 Best: 0.6833333333333333 Mean: 0.5129999999999999
359 Best: 0.6833333333333333 Mean: 0.5116666666666666
360 Best: 0.6833333333333333 Mean: 0.5133333333333333
361 Best: 0.6833333333333333 Mean: 0.5136666666666666
362 Best: 0.6833333333333333 Mean: 0.5133333333333332
363 Best: 0.6833333333333333 Mean: 0.5136666666666666
364 Best: 0.6833333333333333 Mean: 0.5126666666666666
365 Best: 0.6833333333333333 Mean: 0.5146666666666666
366 Best: 0.6833333333333333 Mean: 0.5139999999999998
367 Best: 0.6833333333333333 Mean: 0.5133333333333333
368 Best: 0.6833333333333333 Mean: 0.5133333333333333
369 Best: 0.6833333333333333 Mean: 0.5143333333333333
370 Best: 0.6833333333333333 Mean: 0.5146666666666666
371 Best: 0.6833333333333333 Mean: 0.5143333333333332
372 Best: 0.6833333333333333 Mean: 0.5136666666666666
373 Best: 0.6833333333333333 Mean: 0.5136666666666667
374 Best: 0.6833333333333333 Mean: 0.5146666666666666
375 Best: 0.6833333333333333 Mean: 0.5126666666666666
376 Best: 0.6833333333333333 Mean: 0.5136666666666665
377 Best: 0.6833333333333333 Mean: 0.5129999999999998
378 Best: 0.6833333333333333 Mean: 0.5123333333333332
379 Best: 0.6833333333333333 Mean: 0.5146666666666666
380 Best: 0.6833333333333333 Mean: 0.5119999999999998
381 Best: 0.6833333333333333 Mean: 0.5139999999999999
382 Best: 0.6833333333333333 Mean: 0.5146666666666665
383 Best: 0.6833333333333333 Mean: 0.5113333333333333
384 Best: 0.6833333333333333 Mean: 0.5136666666666665
385 Best: 0.6833333333333333 Mean: 0.5136666666666665
386 Best: 0.6833333333333333 Mean: 0.5146666666666665
387 Best: 0.6833333333333333 Mean: 0.5156666666666666
388 Best: 0.6833333333333333 Mean: 0.513
389 Best: 0.6833333333333333 Mean: 0.5146666666666666
390 Best: 0.6833333333333333 Mean: 0.5129999999999999
391 Best: 0.6833333333333333 Mean: 0.5143333333333333
392 Best: 0.6833333333333333 Mean: 0.5143333333333332
393 Best: 0.6833333333333333 Mean: 0.5143333333333332
394 Best: 0.6833333333333333 Mean: 0.5136666666666666
395 Best: 0.6833333333333333 Mean: 0.5143333333333332
396 Best: 0.6833333333333333 Mean: 0.5146666666666665
397 Best: 0.6833333333333333 Mean: 0.5139999999999999
398 Best: 0.6833333333333333 Mean: 0.5123333333333333
399 Best: 0.6833333333333333 Mean: 0.5143333333333332
400 Best: 0.6833333333333333 Mean: 0.5153333333333332
401 Best: 0.6833333333333333 Mean: 0.5133333333333332
402 Best: 0.6833333333333333 Mean: 0.5133333333333333
403 Best: 0.6833333333333333 Mean: 0.5143333333333333
404 Best: 0.6833333333333333 Mean: 0.5129999999999998
405 Best: 0.6833333333333333 Mean: 0.5113333333333333
406 Best: 0.6833333333333333 Mean: 0.5133333333333332
407 Best: 0.6833333333333333 Mean: 0.5146666666666665
408 Best: 0.6833333333333333 Mean: 0.5123333333333333
409 Best: 0.6833333333333333 Mean: 0.5096666666666665
410 Best: 0.6833333333333333 Mean: 0.5133333333333333
411 Best: 0.6833333333333333 Mean: 0.5126666666666666
412 Best: 0.6833333333333333 Mean: 0.5113333333333333
413 Best: 0.6833333333333333 Mean: 0.5126666666666666
414 Best: 0.6833333333333333 Mean: 0.5149999999999999
415 Best: 0.6833333333333333 Mean: 0.5139999999999999
416 Best: 0.6833333333333333 Mean: 0.5083333333333332
417 Best: 0.6833333333333333 Mean: 0.5146666666666665
418 Best: 0.6833333333333333 Mean: 0.5106666666666665
419 Best: 0.6833333333333333 Mean: 0.5146666666666665
420 Best: 0.6833333333333333 Mean: 0.514
421 Best: 0.6833333333333333 Mean: 0.5143333333333332
422 Best: 0.6833333333333333 Mean: 0.5139999999999999
423 Best: 0.6833333333333333 Mean: 0.514
424 Best: 0.6833333333333333 Mean: 0.5139999999999999
425 Best: 0.6833333333333333 Mean: 0.5136666666666666
426 Best: 0.6833333333333333 Mean: 0.5136666666666666
427 Best: 0.6833333333333333 Mean: 0.5156666666666666
428 Best: 0.6833333333333333 Mean: 0.5153333333333332
429 Best: 0.6833333333333333 Mean: 0.5146666666666665
430 Best: 0.6833333333333333 Mean: 0.5143333333333333
431 Best: 0.6833333333333333 Mean: 0.5143333333333332
432 Best: 0.6833333333333333 Mean: 0.5149999999999999
433 Best: 0.6833333333333333 Mean: 0.5169999999999998
434 Best: 0.6833333333333333 Mean: 0.5129999999999999
435 Best: 0.6833333333333333 Mean: 0.5133333333333333
436 Best: 0.6833333333333333 Mean: 0.5139999999999999
437 Best: 0.6833333333333333 Mean: 0.5146666666666666
438 Best: 0.6833333333333333 Mean: 0.5133333333333333
439 Best: 0.6833333333333333 Mean: 0.5136666666666666
440 Best: 0.6833333333333333 Mean: 0.5129999999999999
441 Best: 0.6833333333333333 Mean: 0.5153333333333332
442 Best: 0.6833333333333333 Mean: 0.5139999999999999
443 Best: 0.6833333333333333 Mean: 0.5119999999999999
444 Best: 0.6833333333333333 Mean: 0.514
445 Best: 0.6833333333333333 Mean: 0.5149999999999999
446 Best: 0.6833333333333333 Mean: 0.5133333333333332
447 Best: 0.6833333333333333 Mean: 0.5146666666666666
448 Best: 0.6833333333333333 Mean: 0.5129999999999999
449 Best: 0.6833333333333333 Mean: 0.513
450 Best: 0.6833333333333333 Mean: 0.5126666666666665
451 Best: 0.6833333333333333 Mean: 0.513
452 Best: 0.6833333333333333 Mean: 0.5153333333333332
453 Best: 0.6833333333333333 Mean: 0.5119999999999999
454 Best: 0.6833333333333333 Mean: 0.5146666666666666
455 Best: 0.6833333333333333 Mean: 0.5146666666666666
456 Best: 0.6833333333333333 Mean: 0.5143333333333332
457 Best: 0.6833333333333333 Mean: 0.5139999999999999
458 Best: 0.6833333333333333 Mean: 0.5133333333333333
459 Best: 0.6833333333333333 Mean: 0.5156666666666666
460 Best: 0.6833333333333333 Mean: 0.5133333333333332
461 Best: 0.6833333333333333 Mean: 0.51
462 Best: 0.6833333333333333 Mean: 0.5119999999999999
463 Best: 0.6833333333333333 Mean: 0.5139999999999998
464 Best: 0.6833333333333333 Mean: 0.5089999999999999
465 Best: 0.6833333333333333 Mean: 0.5139999999999998
466 Best: 0.6833333333333333 Mean: 0.5126666666666666
467 Best: 0.6833333333333333 Mean: 0.5133333333333332
468 Best: 0.6833333333333333 Mean: 0.5133333333333333
469 Best: 0.6833333333333333 Mean: 0.5113333333333332
470 Best: 0.6833333333333333 Mean: 0.5129999999999998
471 Best: 0.6833333333333333 Mean: 0.5146666666666665
472 Best: 0.6833333333333333 Mean: 0.5159999999999999
473 Best: 0.6833333333333333 Mean: 0.5133333333333333
474 Best: 0.6833333333333333 Mean: 0.5146666666666665
475 Best: 0.6833333333333333 Mean: 0.5149999999999999
476 Best: 0.6833333333333333 Mean: 0.5143333333333333
477 Best: 0.6833333333333333 Mean: 0.5139999999999999
478 Best: 0.6833333333333333 Mean: 0.5143333333333332
479 Best: 0.6833333333333333 Mean: 0.5139999999999999
480 Best: 0.6833333333333333 Mean: 0.5139999999999999
481 Best: 0.6833333333333333 Mean: 0.5116666666666666
482 Best: 0.6833333333333333 Mean: 0.5143333333333332
483 Best: 0.6833333333333333 Mean: 0.5143333333333334
484 Best: 0.6833333333333333 Mean: 0.5143333333333333
485 Best: 0.6833333333333333 Mean: 0.5136666666666665
486 Best: 0.6833333333333333 Mean: 0.5156666666666666
487 Best: 0.6833333333333333 Mean: 0.5143333333333332
488 Best: 0.6833333333333333 Mean: 0.5153333333333332
489 Best: 0.6833333333333333 Mean: 0.5126666666666665
490 Best: 0.6833333333333333 Mean: 0.5096666666666665
491 Best: 0.6833333333333333 Mean: 0.5123333333333333
492 Best: 0.6833333333333333 Mean: 0.5129999999999999
493 Best: 0.6833333333333333 Mean: 0.5159999999999999
494 Best: 0.6833333333333333 Mean: 0.5116666666666666
495 Best: 0.6833333333333333 Mean: 0.514
496 Best: 0.6833333333333333 Mean: 0.5139999999999999
497 Best: 0.6833333333333333 Mean: 0.5139999999999999
498 Best: 0.6833333333333333 Mean: 0.5109999999999999
499 Best: 0.6833333333333333 Mean: 0.5159999999999999
500 Best: 0.6833333333333333 Mean: 0.5143333333333332
501 Best: 0.6833333333333333 Mean: 0.5139999999999999
502 Best: 0.6833333333333333 Mean: 0.5136666666666666
503 Best: 0.6833333333333333 Mean: 0.5113333333333333
504 Best: 0.6833333333333333 Mean: 0.5153333333333332
505 Best: 0.6833333333333333 Mean: 0.513
506 Best: 0.6833333333333333 Mean: 0.5136666666666665
507 Best: 0.6833333333333333 Mean: 0.5156666666666666
508 Best: 0.6833333333333333 Mean: 0.5133333333333332
509 Best: 0.6833333333333333 Mean: 0.5146666666666666
510 Best: 0.6833333333333333 Mean: 0.5109999999999999
511 Best: 0.6833333333333333 Mean: 0.5146666666666666
512 Best: 0.6833333333333333 Mean: 0.5123333333333333
513 Best: 0.6833333333333333 Mean: 0.513
514 Best: 0.6833333333333333 Mean: 0.5126666666666666
515 Best: 0.6833333333333333 Mean: 0.5143333333333332
516 Best: 0.6833333333333333 Mean: 0.513
517 Best: 0.6833333333333333 Mean: 0.5133333333333333
518 Best: 0.6833333333333333 Mean: 0.5156666666666666
519 Best: 0.6833333333333333 Mean: 0.512
520 Best: 0.6833333333333333 Mean: 0.5133333333333332
521 Best: 0.6833333333333333 Mean: 0.5143333333333333
522 Best: 0.6833333333333333 Mean: 0.5129999999999999
523 Best: 0.6833333333333333 Mean: 0.5156666666666666
524 Best: 0.6833333333333333 Mean: 0.5109999999999999
525 Best: 0.6833333333333333 Mean: 0.5143333333333333
526 Best: 0.6833333333333333 Mean: 0.5133333333333332
527 Best: 0.6833333333333333 Mean: 0.514
528 Best: 0.6833333333333333 Mean: 0.5133333333333332
529 Best: 0.6833333333333333 Mean: 0.5149999999999999
530 Best: 0.6833333333333333 Mean: 0.5126666666666666
531 Best: 0.6833333333333333 Mean: 0.5143333333333332
532 Best: 0.6833333333333333 Mean: 0.5143333333333332
533 Best: 0.6833333333333333 Mean: 0.5139999999999999
534 Best: 0.6833333333333333 Mean: 0.5143333333333332
535 Best: 0.6833333333333333 Mean: 0.5126666666666665
536 Best: 0.6833333333333333 Mean: 0.5126666666666666
537 Best: 0.6833333333333333 Mean: 0.5126666666666666
538 Best: 0.6833333333333333 Mean: 0.5136666666666666
539 Best: 0.6833333333333333 Mean: 0.513
540 Best: 0.6833333333333333 Mean: 0.5156666666666666
541 Best: 0.6833333333333333 Mean: 0.512
542 Best: 0.6833333333333333 Mean: 0.5103333333333332
543 Best: 0.6833333333333333 Mean: 0.5143333333333334
544 Best: 0.6833333333333333 Mean: 0.5136666666666666
545 Best: 0.6833333333333333 Mean: 0.5126666666666666
546 Best: 0.6833333333333333 Mean: 0.5093333333333332
547 Best: 0.6833333333333333 Mean: 0.5076666666666668
548 Best: 0.6833333333333333 Mean: 0.5093333333333334
549 Best: 0.6833333333333333 Mean: 0.51
550 Best: 0.6833333333333333 Mean: 0.5079999999999998
551 Best: 0.6833333333333333 Mean: 0.5136666666666666
552 Best: 0.6833333333333333 Mean: 0.5123333333333332
553 Best: 0.6833333333333333 Mean: 0.514
554 Best: 0.6833333333333333 Mean: 0.5126666666666666
555 Best: 0.6833333333333333 Mean: 0.5123333333333333
556 Best: 0.6833333333333333 Mean: 0.5126666666666666
557 Best: 0.6833333333333333 Mean: 0.5143333333333332
558 Best: 0.6833333333333333 Mean: 0.5136666666666665
559 Best: 0.6833333333333333 Mean: 0.5106666666666666
560 Best: 0.6833333333333333 Mean: 0.5133333333333333
561 Best: 0.6833333333333333 Mean: 0.5129999999999999
562 Best: 0.6833333333333333 Mean: 0.5136666666666666
563 Best: 0.6833333333333333 Mean: 0.5123333333333331
564 Best: 0.6833333333333333 Mean: 0.5143333333333333
565 Best: 0.6833333333333333 Mean: 0.513
566 Best: 0.6833333333333333 Mean: 0.5126666666666665
567 Best: 0.6833333333333333 Mean: 0.5133333333333333
568 Best: 0.6833333333333333 Mean: 0.5133333333333332
569 Best: 0.6833333333333333 Mean: 0.5093333333333333
570 Best: 0.6833333333333333 Mean: 0.511
571 Best: 0.6833333333333333 Mean: 0.513
572 Best: 0.6833333333333333 Mean: 0.5129999999999999
573 Best: 0.6833333333333333 Mean: 0.514
574 Best: 0.6833333333333333 Mean: 0.5126666666666666
575 Best: 0.6833333333333333 Mean: 0.5126666666666666
576 Best: 0.6833333333333333 Mean: 0.5143333333333332
577 Best: 0.6833333333333333 Mean: 0.5146666666666666
578 Best: 0.6833333333333333 Mean: 0.5139999999999999
579 Best: 0.6833333333333333 Mean: 0.5133333333333332
580 Best: 0.6833333333333333 Mean: 0.5123333333333333
581 Best: 0.6833333333333333 Mean: 0.5143333333333333
582 Best: 0.6833333333333333 Mean: 0.5129999999999999
583 Best: 0.6833333333333333 Mean: 0.514
584 Best: 0.6833333333333333 Mean: 0.5136666666666666
585 Best: 0.6833333333333333 Mean: 0.5139999999999999
586 Best: 0.6833333333333333 Mean: 0.513
587 Best: 0.6833333333333333 Mean: 0.5146666666666665
588 Best: 0.6833333333333333 Mean: 0.5146666666666667
589 Best: 0.6833333333333333 Mean: 0.5153333333333332
590 Best: 0.6833333333333333 Mean: 0.5103333333333332
591 Best: 0.6833333333333333 Mean: 0.5133333333333333
592 Best: 0.6833333333333333 Mean: 0.5116666666666666
593 Best: 0.6833333333333333 Mean: 0.5149999999999999
594 Best: 0.6833333333333333 Mean: 0.5113333333333332
595 Best: 0.6833333333333333 Mean: 0.5119999999999999
596 Best: 0.6833333333333333 Mean: 0.5139999999999998
597 Best: 0.6833333333333333 Mean: 0.5139999999999998
598 Best: 0.6833333333333333 Mean: 0.512
599 Best: 0.6833333333333333 Mean: 0.5116666666666665
600 Best: 0.6833333333333333 Mean: 0.5123333333333333
601 Best: 0.6833333333333333 Mean: 0.5126666666666665
602 Best: 0.6833333333333333 Mean: 0.5113333333333334
603 Best: 0.6833333333333333 Mean: 0.5109999999999999
604 Best: 0.6833333333333333 Mean: 0.5143333333333332
605 Best: 0.6833333333333333 Mean: 0.5146666666666666
606 Best: 0.6833333333333333 Mean: 0.5136666666666667
607 Best: 0.6833333333333333 Mean: 0.5133333333333333
608 Best: 0.6833333333333333 Mean: 0.5153333333333333
609 Best: 0.6833333333333333 Mean: 0.5103333333333333
610 Best: 0.6833333333333333 Mean: 0.5099999999999999
611 Best: 0.6833333333333333 Mean: 0.5126666666666666
612 Best: 0.6833333333333333 Mean: 0.5133333333333332
613 Best: 0.6833333333333333 Mean: 0.5103333333333335
614 Best: 0.6833333333333333 Mean: 0.5066666666666667
615 Best: 0.6833333333333333 Mean: 0.5043333333333334
616 Best: 0.6833333333333333 Mean: 0.5073333333333331
617 Best: 0.6833333333333333 Mean: 0.51
618 Best: 0.6833333333333333 Mean: 0.5110000000000001
619 Best: 0.6833333333333333 Mean: 0.5109999999999999
620 Best: 0.6833333333333333 Mean: 0.5126666666666665
621 Best: 0.6833333333333333 Mean: 0.51
622 Best: 0.6833333333333333 Mean: 0.5103333333333332
623 Best: 0.6833333333333333 Mean: 0.5146666666666668
624 Best: 0.6833333333333333 Mean: 0.5086666666666667
625 Best: 0.6833333333333333 Mean: 0.5139999999999999
626 Best: 0.6833333333333333 Mean: 0.5113333333333333
627 Best: 0.6833333333333333 Mean: 0.5116666666666668
628 Best: 0.6833333333333333 Mean: 0.5093333333333336
629 Best: 0.6833333333333333 Mean: 0.5120000000000001
630 Best: 0.6833333333333333 Mean: 0.5233333333333333
631 Best: 0.6833333333333333 Mean: 0.5143333333333332
632 Best: 0.6833333333333333 Mean: 0.5133333333333333
633 Best: 0.6833333333333333 Mean: 0.5150000000000001
634 Best: 0.6833333333333333 Mean: 0.5166666666666668
635 Best: 0.6833333333333333 Mean: 0.5173333333333333
636 Best: 0.6833333333333333 Mean: 0.5173333333333332
637 Best: 0.6833333333333333 Mean: 0.5153333333333334
638 Best: 0.6833333333333333 Mean: 0.5106666666666666
639 Best: 0.6833333333333333 Mean: 0.51
640 Best: 0.6833333333333333 Mean: 0.5086666666666667
641 Best: 0.6833333333333333 Mean: 0.5086666666666667
642 Best: 0.6833333333333333 Mean: 0.5113333333333334
643 Best: 0.6833333333333333 Mean: 0.5066666666666667
644 Best: 0.6833333333333333 Mean: 0.5079999999999999
645 Best: 0.6833333333333333 Mean: 0.5076666666666667
646 Best: 0.6833333333333333 Mean: 0.5096666666666666
647 Best: 0.6833333333333333 Mean: 0.5056666666666666
648 Best: 0.6833333333333333 Mean: 0.5103333333333334
649 Best: 0.6833333333333333 Mean: 0.5103333333333332
650 Best: 0.6833333333333333 Mean: 0.512
651 Best: 0.6833333333333333 Mean: 0.507
652 Best: 0.6833333333333333 Mean: 0.5069999999999999
653 Best: 0.6833333333333333 Mean: 0.5083333333333332
654 Best: 0.6833333333333333 Mean: 0.5113333333333332
655 Best: 0.6833333333333333 Mean: 0.5109999999999999
656 Best: 0.6833333333333333 Mean: 0.5103333333333332
657 Best: 0.6833333333333333 Mean: 0.5119999999999999
658 Best: 0.6833333333333333 Mean: 0.5106666666666666
659 Best: 0.6833333333333333 Mean: 0.5136666666666665
660 Best: 0.6833333333333333 Mean: 0.5146666666666666
661 Best: 0.6833333333333333 Mean: 0.513
662 Best: 0.6833333333333333 Mean: 0.5119999999999999
663 Best: 0.6833333333333333 Mean: 0.5136666666666665
664 Best: 0.6833333333333333 Mean: 0.5126666666666666
665 Best: 0.6833333333333333 Mean: 0.5163333333333332
666 Best: 0.6833333333333333 Mean: 0.5136666666666667
667 Best: 0.6833333333333333 Mean: 0.513
668 Best: 0.6833333333333333 Mean: 0.5123333333333333
669 Best: 0.6833333333333333 Mean: 0.5136666666666667
670 Best: 0.6833333333333333 Mean: 0.5133333333333332
671 Best: 0.6833333333333333 Mean: 0.5146666666666665
672 Best: 0.6833333333333333 Mean: 0.5149999999999999
673 Best: 0.6833333333333333 Mean: 0.5116666666666666
674 Best: 0.6833333333333333 Mean: 0.5136666666666665
675 Best: 0.6833333333333333 Mean: 0.5146666666666666
676 Best: 0.6833333333333333 Mean: 0.5143333333333332
677 Best: 0.6833333333333333 Mean: 0.5133333333333333
678 Best: 0.6833333333333333 Mean: 0.5126666666666666
679 Best: 0.6833333333333333 Mean: 0.5146666666666667
680 Best: 0.6833333333333333 Mean: 0.5126666666666666
681 Best: 0.6833333333333333 Mean: 0.5146666666666665
682 Best: 0.6833333333333333 Mean: 0.5116666666666665
683 Best: 0.6833333333333333 Mean: 0.5123333333333333
684 Best: 0.6833333333333333 Mean: 0.5126666666666665
685 Best: 0.6833333333333333 Mean: 0.5126666666666665
686 Best: 0.6833333333333333 Mean: 0.5126666666666666
687 Best: 0.6833333333333333 Mean: 0.5099999999999999
688 Best: 0.6833333333333333 Mean: 0.5153333333333332
689 Best: 0.6833333333333333 Mean: 0.5129999999999998
690 Best: 0.6833333333333333 Mean: 0.5079999999999999
691 Best: 0.6833333333333333 Mean: 0.5133333333333332
692 Best: 0.6833333333333333 Mean: 0.5139999999999999
693 Best: 0.6833333333333333 Mean: 0.5136666666666666
694 Best: 0.6833333333333333 Mean: 0.5149999999999999
695 Best: 0.6833333333333333 Mean: 0.513
696 Best: 0.6833333333333333 Mean: 0.5113333333333333
697 Best: 0.6833333333333333 Mean: 0.5109999999999999
698 Best: 0.6833333333333333 Mean: 0.5139999999999999
699 Best: 0.6833333333333333 Mean: 0.5119999999999999
700 Best: 0.6833333333333333 Mean: 0.5156666666666666
701 Best: 0.6833333333333333 Mean: 0.5146666666666665
702 Best: 0.6833333333333333 Mean: 0.5126666666666666
703 Best: 0.6833333333333333 Mean: 0.5149999999999999
704 Best: 0.6833333333333333 Mean: 0.5149999999999999
705 Best: 0.6833333333333333 Mean: 0.513
706 Best: 0.6833333333333333 Mean: 0.5123333333333332
707 Best: 0.6833333333333333 Mean: 0.5133333333333333
708 Best: 0.6833333333333333 Mean: 0.5119999999999999
709 Best: 0.6833333333333333 Mean: 0.5153333333333332
710 Best: 0.6833333333333333 Mean: 0.5116666666666666
711 Best: 0.6833333333333333 Mean: 0.5146666666666665
712 Best: 0.6833333333333333 Mean: 0.5143333333333332
713 Best: 0.6833333333333333 Mean: 0.5126666666666665
714 Best: 0.6833333333333333 Mean: 0.5156666666666666
715 Best: 0.6833333333333333 Mean: 0.5136666666666667
716 Best: 0.6833333333333333 Mean: 0.5146666666666666
717 Best: 0.6833333333333333 Mean: 0.5143333333333333
718 Best: 0.6833333333333333 Mean: 0.5153333333333332
719 Best: 0.6833333333333333 Mean: 0.5126666666666666
720 Best: 0.6833333333333333 Mean: 0.5133333333333333
721 Best: 0.6833333333333333 Mean: 0.5099999999999998
722 Best: 0.6833333333333333 Mean: 0.5103333333333334
723 Best: 0.6833333333333333 Mean: 0.5126666666666666
724 Best: 0.6833333333333333 Mean: 0.5109999999999999
725 Best: 0.6833333333333333 Mean: 0.5156666666666666
726 Best: 0.6833333333333333 Mean: 0.5119999999999998
727 Best: 0.6833333333333333 Mean: 0.5126666666666666
728 Best: 0.6833333333333333 Mean: 0.5143333333333334
729 Best: 0.6833333333333333 Mean: 0.5133333333333333
730 Best: 0.6833333333333333 Mean: 0.5110000000000001
731 Best: 0.6833333333333333 Mean: 0.5153333333333332
732 Best: 0.6833333333333333 Mean: 0.5086666666666667
733 Best: 0.6833333333333333 Mean: 0.5069999999999999
734 Best: 0.6833333333333333 Mean: 0.5086666666666666
735 Best: 0.6833333333333333 Mean: 0.5106666666666667
736 Best: 0.6833333333333333 Mean: 0.513
737 Best: 0.6833333333333333 Mean: 0.5123333333333331
738 Best: 0.6833333333333333 Mean: 0.5076666666666667
739 Best: 0.6833333333333333 Mean: 0.515
740 Best: 0.6833333333333333 Mean: 0.5153333333333334
741 Best: 0.6833333333333333 Mean: 0.5139999999999999
742 Best: 0.6833333333333333 Mean: 0.5090000000000002
743 Best: 0.6833333333333333 Mean: 0.5110000000000001
744 Best: 0.6833333333333333 Mean: 0.512
745 Best: 0.6833333333333333 Mean: 0.5110000000000001
746 Best: 0.6833333333333333 Mean: 0.508
747 Best: 0.6833333333333333 Mean: 0.5103333333333334
748 Best: 0.6833333333333333 Mean: 0.5116666666666666
749 Best: 0.6833333333333333 Mean: 0.5103333333333334
750 Best: 0.6833333333333333 Mean: 0.5079999999999999
751 Best: 0.6833333333333333 Mean: 0.5123333333333332
752 Best: 0.6833333333333333 Mean: 0.5100000000000001
753 Best: 0.6833333333333333 Mean: 0.5146666666666667
754 Best: 0.6833333333333333 Mean: 0.5096666666666667
755 Best: 0.6833333333333333 Mean: 0.5106666666666667
756 Best: 0.6833333333333333 Mean: 0.5136666666666667
757 Best: 0.6833333333333333 Mean: 0.513
758 Best: 0.6833333333333333 Mean: 0.5106666666666666
759 Best: 0.6833333333333333 Mean: 0.5113333333333333
760 Best: 0.6833333333333333 Mean: 0.5139999999999999
761 Best: 0.6833333333333333 Mean: 0.513
762 Best: 0.6833333333333333 Mean: 0.5086666666666667
763 Best: 0.6833333333333333 Mean: 0.5106666666666666
764 Best: 0.6833333333333333 Mean: 0.5123333333333333
765 Best: 0.6833333333333333 Mean: 0.5109999999999999
766 Best: 0.6833333333333333 Mean: 0.5086666666666667
767 Best: 0.6833333333333333 Mean: 0.5120000000000001
768 Best: 0.6833333333333333 Mean: 0.5139999999999999
769 Best: 0.6833333333333333 Mean: 0.5126666666666665
770 Best: 0.6833333333333333 Mean: 0.5086666666666667
771 Best: 0.6833333333333333 Mean: 0.5083333333333334
772 Best: 0.6833333333333333 Mean: 0.5046666666666667
773 Best: 0.6833333333333333 Mean: 0.5066666666666666
774 Best: 0.6833333333333333 Mean: 0.514
775 Best: 0.6833333333333333 Mean: 0.5113333333333332
776 Best: 0.6833333333333333 Mean: 0.5103333333333333
777 Best: 0.6833333333333333 Mean: 0.5076666666666668
778 Best: 0.6833333333333333 Mean: 0.5103333333333332
779 Best: 0.6833333333333333 Mean: 0.5103333333333332
780 Best: 0.6833333333333333 Mean: 0.5126666666666666
781 Best: 0.6833333333333333 Mean: 0.5116666666666666
782 Best: 0.6833333333333333 Mean: 0.5089999999999999
783 Best: 0.6833333333333333 Mean: 0.5109999999999998
784 Best: 0.6833333333333333 Mean: 0.5163333333333332
785 Best: 0.6833333333333333 Mean: 0.517
786 Best: 0.6833333333333333 Mean: 0.512
787 Best: 0.6833333333333333 Mean: 0.5029999999999999
788 Best: 0.6833333333333333 Mean: 0.5029999999999998
789 Best: 0.6833333333333333 Mean: 0.5133333333333332
790 Best: 0.6833333333333333 Mean: 0.5083333333333333
791 Best: 0.6833333333333333 Mean: 0.5106666666666666
792 Best: 0.6833333333333333 Mean: 0.513
793 Best: 0.6833333333333333 Mean: 0.5123333333333333
794 Best: 0.6833333333333333 Mean: 0.513
795 Best: 0.6833333333333333 Mean: 0.5116666666666668
796 Best: 0.6833333333333333 Mean: 0.5066666666666665
797 Best: 0.6833333333333333 Mean: 0.5093333333333334
798 Best: 0.6833333333333333 Mean: 0.5110000000000001
799 Best: 0.6833333333333333 Mean: 0.5143333333333334
800 Best: 0.6833333333333333 Mean: 0.5103333333333334
801 Best: 0.6833333333333333 Mean: 0.5096666666666667
802 Best: 0.6833333333333333 Mean: 0.5116666666666667
803 Best: 0.6833333333333333 Mean: 0.5116666666666666
804 Best: 0.6833333333333333 Mean: 0.5143333333333333
805 Best: 0.6833333333333333 Mean: 0.509
806 Best: 0.6833333333333333 Mean: 0.5086666666666665
807 Best: 0.6833333333333333 Mean: 0.5103333333333332
808 Best: 0.6833333333333333 Mean: 0.512
809 Best: 0.6833333333333333 Mean: 0.5123333333333333
810 Best: 0.6833333333333333 Mean: 0.5086666666666667
811 Best: 0.6833333333333333 Mean: 0.5103333333333332
812 Best: 0.6833333333333333 Mean: 0.5103333333333332
813 Best: 0.6833333333333333 Mean: 0.5109999999999999
814 Best: 0.6833333333333333 Mean: 0.5113333333333333
815 Best: 0.6833333333333333 Mean: 0.5116666666666666
816 Best: 0.6833333333333333 Mean: 0.5123333333333332
817 Best: 0.6833333333333333 Mean: 0.5143333333333333
818 Best: 0.6833333333333333 Mean: 0.5136666666666665
819 Best: 0.6833333333333333 Mean: 0.5133333333333332
820 Best: 0.6833333333333333 Mean: 0.5136666666666666
821 Best: 0.6833333333333333 Mean: 0.5139999999999999
822 Best: 0.6833333333333333 Mean: 0.5136666666666666
823 Best: 0.6833333333333333 Mean: 0.5136666666666665
824 Best: 0.6833333333333333 Mean: 0.5113333333333334
825 Best: 0.6833333333333333 Mean: 0.5146666666666666
826 Best: 0.6833333333333333 Mean: 0.5133333333333332
827 Best: 0.6833333333333333 Mean: 0.5116666666666666
828 Best: 0.6833333333333333 Mean: 0.5129999999999999
829 Best: 0.6833333333333333 Mean: 0.5093333333333332
830 Best: 0.6833333333333333 Mean: 0.5119999999999999
831 Best: 0.6833333333333333 Mean: 0.5126666666666666
832 Best: 0.6833333333333333 Mean: 0.5126666666666666
833 Best: 0.6833333333333333 Mean: 0.5133333333333333
834 Best: 0.6833333333333333 Mean: 0.5123333333333332
835 Best: 0.6833333333333333 Mean: 0.5133333333333333
836 Best: 0.6833333333333333 Mean: 0.513
837 Best: 0.6833333333333333 Mean: 0.5133333333333333
838 Best: 0.6833333333333333 Mean: 0.5146666666666665
839 Best: 0.6833333333333333 Mean: 0.5136666666666665
840 Best: 0.6833333333333333 Mean: 0.5133333333333332
841 Best: 0.6833333333333333 Mean: 0.5113333333333332
842 Best: 0.6833333333333333 Mean: 0.5133333333333333
843 Best: 0.6833333333333333 Mean: 0.5143333333333332
844 Best: 0.6833333333333333 Mean: 0.5156666666666666
845 Best: 0.6833333333333333 Mean: 0.5133333333333333
846 Best: 0.6833333333333333 Mean: 0.5129999999999999
847 Best: 0.6833333333333333 Mean: 0.5106666666666667
848 Best: 0.6833333333333333 Mean: 0.5119999999999999
849 Best: 0.6833333333333333 Mean: 0.5123333333333333
850 Best: 0.6833333333333333 Mean: 0.5106666666666666
851 Best: 0.6833333333333333 Mean: 0.5113333333333333
852 Best: 0.6833333333333333 Mean: 0.5126666666666665
853 Best: 0.6833333333333333 Mean: 0.5106666666666667
854 Best: 0.6833333333333333 Mean: 0.5106666666666666
855 Best: 0.6833333333333333 Mean: 0.5109999999999999
856 Best: 0.6833333333333333 Mean: 0.5109999999999999
857 Best: 0.6833333333333333 Mean: 0.5109999999999999
858 Best: 0.6833333333333333 Mean: 0.5136666666666666
859 Best: 0.6833333333333333 Mean: 0.5149999999999999
860 Best: 0.6833333333333333 Mean: 0.5129999999999999
861 Best: 0.6833333333333333 Mean: 0.5113333333333333
862 Best: 0.6833333333333333 Mean: 0.5093333333333332
863 Best: 0.6833333333333333 Mean: 0.5123333333333332
864 Best: 0.6833333333333333 Mean: 0.5126666666666666
865 Best: 0.6833333333333333 Mean: 0.5133333333333332
866 Best: 0.6833333333333333 Mean: 0.5146666666666665
867 Best: 0.6833333333333333 Mean: 0.5116666666666666
868 Best: 0.6833333333333333 Mean: 0.5116666666666666
869 Best: 0.6833333333333333 Mean: 0.5126666666666665
870 Best: 0.6833333333333333 Mean: 0.514
871 Best: 0.6833333333333333 Mean: 0.5139999999999999
872 Best: 0.6833333333333333 Mean: 0.514
873 Best: 0.6833333333333333 Mean: 0.513
874 Best: 0.6833333333333333 Mean: 0.5136666666666666
875 Best: 0.6833333333333333 Mean: 0.5113333333333333
876 Best: 0.6833333333333333 Mean: 0.5123333333333332
877 Best: 0.6833333333333333 Mean: 0.5133333333333333
878 Best: 0.6833333333333333 Mean: 0.5126666666666665
879 Best: 0.6833333333333333 Mean: 0.5126666666666665
880 Best: 0.6833333333333333 Mean: 0.5129999999999999
881 Best: 0.6833333333333333 Mean: 0.5136666666666666
882 Best: 0.6833333333333333 Mean: 0.5143333333333333
883 Best: 0.6833333333333333 Mean: 0.5123333333333333
884 Best: 0.6833333333333333 Mean: 0.5143333333333332
885 Best: 0.6833333333333333 Mean: 0.5153333333333332
886 Best: 0.6833333333333333 Mean: 0.5136666666666666
887 Best: 0.6833333333333333 Mean: 0.5143333333333332
888 Best: 0.6833333333333333 Mean: 0.5153333333333332
889 Best: 0.6833333333333333 Mean: 0.5139999999999999
890 Best: 0.6833333333333333 Mean: 0.5133333333333332
891 Best: 0.6833333333333333 Mean: 0.514
892 Best: 0.6833333333333333 Mean: 0.514
893 Best: 0.6833333333333333 Mean: 0.5136666666666666
894 Best: 0.6833333333333333 Mean: 0.5123333333333332
895 Best: 0.6833333333333333 Mean: 0.5133333333333332
896 Best: 0.6833333333333333 Mean: 0.5123333333333332
897 Best: 0.6833333333333333 Mean: 0.5143333333333332
898 Best: 0.6833333333333333 Mean: 0.5139999999999999
899 Best: 0.6833333333333333 Mean: 0.5136666666666666
900 Best: 0.6833333333333333 Mean: 0.5133333333333333
901 Best: 0.6833333333333333 Mean: 0.5103333333333332
902 Best: 0.6833333333333333 Mean: 0.514
903 Best: 0.6833333333333333 Mean: 0.5133333333333332
904 Best: 0.6833333333333333 Mean: 0.5123333333333332
905 Best: 0.6833333333333333 Mean: 0.5139999999999999
906 Best: 0.6833333333333333 Mean: 0.5136666666666667
907 Best: 0.6833333333333333 Mean: 0.5106666666666666
908 Best: 0.6833333333333333 Mean: 0.5119999999999999
909 Best: 0.6833333333333333 Mean: 0.5139999999999999
910 Best: 0.6833333333333333 Mean: 0.5116666666666665
911 Best: 0.6833333333333333 Mean: 0.5143333333333333
912 Best: 0.6833333333333333 Mean: 0.5153333333333332
913 Best: 0.6833333333333333 Mean: 0.5089999999999999
914 Best: 0.6833333333333333 Mean: 0.5099999999999999
915 Best: 0.6833333333333333 Mean: 0.5136666666666667
916 Best: 0.6833333333333333 Mean: 0.5096666666666665
917 Best: 0.6833333333333333 Mean: 0.5079999999999999
918 Best: 0.6833333333333333 Mean: 0.5
919 Best: 0.6833333333333333 Mean: 0.5073333333333333
920 Best: 0.6833333333333333 Mean: 0.513
New best: 0.7166666666666667 Gene: (((((f2 + f4) + (f3 + f0)) + ((f1 % f2) + f1)) + (((0 + f5) + (f1 + -1)) + ((0 + f0) + (f0 + f1)))) % ((f2 + f2) + 4)) < 0.6503759884782516
921 Best: 0.7166666666666667 Mean: 0.5123333333333333
922 Best: 0.7166666666666667 Mean: 0.51
923 Best: 0.7166666666666667 Mean: 0.5129999999999999
924 Best: 0.7166666666666667 Mean: 0.5139999999999999
925 Best: 0.7166666666666667 Mean: 0.509
926 Best: 0.7166666666666667 Mean: 0.5136666666666665
927 Best: 0.7166666666666667 Mean: 0.5113333333333331
928 Best: 0.7166666666666667 Mean: 0.5153333333333333
929 Best: 0.7166666666666667 Mean: 0.5126666666666666
930 Best: 0.7166666666666667 Mean: 0.5139999999999999
931 Best: 0.7166666666666667 Mean: 0.5133333333333333
932 Best: 0.7166666666666667 Mean: 0.5113333333333332
933 Best: 0.7166666666666667 Mean: 0.5156666666666666
934 Best: 0.7166666666666667 Mean: 0.5083333333333333
935 Best: 0.7166666666666667 Mean: 0.514
936 Best: 0.7166666666666667 Mean: 0.5159999999999999
937 Best: 0.7166666666666667 Mean: 0.5163333333333333
938 Best: 0.7166666666666667 Mean: 0.509
939 Best: 0.7166666666666667 Mean: 0.511
940 Best: 0.7166666666666667 Mean: 0.5123333333333333
941 Best: 0.7166666666666667 Mean: 0.508
942 Best: 0.7166666666666667 Mean: 0.5106666666666666
943 Best: 0.7166666666666667 Mean: 0.5050000000000001
944 Best: 0.7166666666666667 Mean: 0.5103333333333332
945 Best: 0.7166666666666667 Mean: 0.5100000000000001
946 Best: 0.7166666666666667 Mean: 0.5113333333333332
947 Best: 0.7166666666666667 Mean: 0.5116666666666666
948 Best: 0.7166666666666667 Mean: 0.5096666666666665
949 Best: 0.7166666666666667 Mean: 0.5136666666666666
950 Best: 0.7166666666666667 Mean: 0.5133333333333333
951 Best: 0.7166666666666667 Mean: 0.5126666666666665
952 Best: 0.7166666666666667 Mean: 0.5136666666666667
953 Best: 0.7166666666666667 Mean: 0.5136666666666666
954 Best: 0.7166666666666667 Mean: 0.5133333333333333
955 Best: 0.7166666666666667 Mean: 0.5156666666666666
956 Best: 0.7166666666666667 Mean: 0.5139999999999999
957 Best: 0.7166666666666667 Mean: 0.5126666666666666
958 Best: 0.7166666666666667 Mean: 0.5103333333333333
959 Best: 0.7166666666666667 Mean: 0.5123333333333331
960 Best: 0.7166666666666667 Mean: 0.513
961 Best: 0.7166666666666667 Mean: 0.5149999999999999
962 Best: 0.7166666666666667 Mean: 0.5133333333333332
963 Best: 0.7166666666666667 Mean: 0.5149999999999999
964 Best: 0.7166666666666667 Mean: 0.5113333333333333
965 Best: 0.7166666666666667 Mean: 0.5133333333333333
966 Best: 0.7166666666666667 Mean: 0.5126666666666666
967 Best: 0.7166666666666667 Mean: 0.5143333333333333
968 Best: 0.7166666666666667 Mean: 0.5139999999999999
969 Best: 0.7166666666666667 Mean: 0.5146666666666666
970 Best: 0.7166666666666667 Mean: 0.5156666666666666
971 Best: 0.7166666666666667 Mean: 0.5129999999999999
972 Best: 0.7166666666666667 Mean: 0.5146666666666666
973 Best: 0.7166666666666667 Mean: 0.5096666666666666
974 Best: 0.7166666666666667 Mean: 0.512
975 Best: 0.7166666666666667 Mean: 0.5146666666666666
976 Best: 0.7166666666666667 Mean: 0.5123333333333333
977 Best: 0.7166666666666667 Mean: 0.5149999999999999
978 Best: 0.7166666666666667 Mean: 0.5139999999999998
979 Best: 0.7166666666666667 Mean: 0.5149999999999999
980 Best: 0.7166666666666667 Mean: 0.5113333333333334
981 Best: 0.7166666666666667 Mean: 0.5149999999999999
982 Best: 0.7166666666666667 Mean: 0.5126666666666666
983 Best: 0.7166666666666667 Mean: 0.5159999999999999
984 Best: 0.7166666666666667 Mean: 0.5149999999999999
985 Best: 0.7166666666666667 Mean: 0.515
986 Best: 0.7166666666666667 Mean: 0.5129999999999998
987 Best: 0.7166666666666667 Mean: 0.5163333333333332
988 Best: 0.7166666666666667 Mean: 0.5109999999999999
989 Best: 0.7166666666666667 Mean: 0.5103333333333334
990 Best: 0.7166666666666667 Mean: 0.5106666666666666
991 Best: 0.7166666666666667 Mean: 0.5050000000000001
992 Best: 0.7166666666666667 Mean: 0.508
993 Best: 0.7166666666666667 Mean: 0.5016666666666666
994 Best: 0.7166666666666667 Mean: 0.5109999999999999
995 Best: 0.7166666666666667 Mean: 0.5023333333333333
996 Best: 0.7166666666666667 Mean: 0.5156666666666665
997 Best: 0.7166666666666667 Mean: 0.513
998 Best: 0.7166666666666667 Mean: 0.5106666666666666
999 Best: 0.7166666666666667 Mean: 0.5103333333333334
1000 Best: 0.7166666666666667 Mean: 0.5133333333333333
1001 Best: 0.7166666666666667 Mean: 0.5159999999999998
1002 Best: 0.7166666666666667 Mean: 0.5003333333333332
1003 Best: 0.7166666666666667 Mean: 0.5106666666666666
1004 Best: 0.7166666666666667 Mean: 0.5103333333333332
1005 Best: 0.7166666666666667 Mean: 0.5106666666666666
1006 Best: 0.7166666666666667 Mean: 0.5143333333333334
1007 Best: 0.7166666666666667 Mean: 0.5086666666666665
1008 Best: 0.7166666666666667 Mean: 0.5106666666666666
1009 Best: 0.7166666666666667 Mean: 0.5073333333333332
1010 Best: 0.7166666666666667 Mean: 0.5143333333333334
1011 Best: 0.7166666666666667 Mean: 0.5089999999999999
1012 Best: 0.7166666666666667 Mean: 0.5143333333333332
1013 Best: 0.7166666666666667 Mean: 0.5046666666666667
1014 Best: 0.7166666666666667 Mean: 0.5103333333333333
1015 Best: 0.7166666666666667 Mean: 0.5096666666666668
1016 Best: 0.7166666666666667 Mean: 0.5026666666666667
1017 Best: 0.7166666666666667 Mean: 0.5139999999999998
1018 Best: 0.7166666666666667 Mean: 0.5153333333333332
1019 Best: 0.7166666666666667 Mean: 0.5133333333333332
1020 Best: 0.7166666666666667 Mean: 0.5136666666666667
1021 Best: 0.7166666666666667 Mean: 0.5136666666666667
1022 Best: 0.7166666666666667 Mean: 0.5103333333333334
1023 Best: 0.7166666666666667 Mean: 0.5096666666666666
1024 Best: 0.7166666666666667 Mean: 0.5106666666666666
1025 Best: 0.7166666666666667 Mean: 0.5043333333333334
1026 Best: 0.7166666666666667 Mean: 0.5003333333333333
1027 Best: 0.7166666666666667 Mean: 0.5086666666666667
1028 Best: 0.7166666666666667 Mean: 0.5083333333333333
1029 Best: 0.7166666666666667 Mean: 0.5026666666666667
1030 Best: 0.7166666666666667 Mean: 0.49866666666666665
1031 Best: 0.7166666666666667 Mean: 0.506
1032 Best: 0.7166666666666667 Mean: 0.5106666666666668
1033 Best: 0.7166666666666667 Mean: 0.5143333333333335
1034 Best: 0.7166666666666667 Mean: 0.506
1035 Best: 0.7166666666666667 Mean: 0.5073333333333333
1036 Best: 0.7166666666666667 Mean: 0.5086666666666666
1037 Best: 0.7166666666666667 Mean: 0.5033333333333334
1038 Best: 0.7166666666666667 Mean: 0.4906666666666667
1039 Best: 0.7166666666666667 Mean: 0.5016666666666666
1040 Best: 0.7166666666666667 Mean: 0.5103333333333333
1041 Best: 0.7166666666666667 Mean: 0.5016666666666667
1042 Best: 0.7166666666666667 Mean: 0.5060000000000001
1043 Best: 0.7166666666666667 Mean: 0.5043333333333334
1044 Best: 0.7166666666666667 Mean: 0.513
1045 Best: 0.7166666666666667 Mean: 0.4989999999999999
1046 Best: 0.7166666666666667 Mean: 0.5119999999999999
1047 Best: 0.7166666666666667 Mean: 0.509
1048 Best: 0.7166666666666667 Mean: 0.495
1049 Best: 0.7166666666666667 Mean: 0.5083333333333334
1050 Best: 0.7166666666666667 Mean: 0.49999999999999994
1051 Best: 0.7166666666666667 Mean: 0.5066666666666666
1052 Best: 0.7166666666666667 Mean: 0.5136666666666665
1053 Best: 0.7166666666666667 Mean: 0.5093333333333332
1054 Best: 0.7166666666666667 Mean: 0.5133333333333332
1055 Best: 0.7166666666666667 Mean: 0.5116666666666666
1056 Best: 0.7166666666666667 Mean: 0.5113333333333334
1057 Best: 0.7166666666666667 Mean: 0.5099999999999999
1058 Best: 0.7166666666666667 Mean: 0.5133333333333333
1059 Best: 0.7166666666666667 Mean: 0.5163333333333334
1060 Best: 0.7166666666666667 Mean: 0.5066666666666668
1061 Best: 0.7166666666666667 Mean: 0.512
1062 Best: 0.7166666666666667 Mean: 0.5096666666666665
1063 Best: 0.7166666666666667 Mean: 0.5050000000000001
1064 Best: 0.7166666666666667 Mean: 0.5063333333333333
1065 Best: 0.7166666666666667 Mean: 0.5086666666666668
1066 Best: 0.7166666666666667 Mean: 0.5079999999999999
1067 Best: 0.7166666666666667 Mean: 0.5186666666666668
1068 Best: 0.7166666666666667 Mean: 0.5109999999999999
1069 Best: 0.7166666666666667 Mean: 0.5126666666666668
1070 Best: 0.7166666666666667 Mean: 0.5136666666666667
1071 Best: 0.7166666666666667 Mean: 0.5059999999999999
1072 Best: 0.7166666666666667 Mean: 0.512
1073 Best: 0.7166666666666667 Mean: 0.5103333333333332
1074 Best: 0.7166666666666667 Mean: 0.5016666666666667
1075 Best: 0.7166666666666667 Mean: 0.5069999999999999
1076 Best: 0.7166666666666667 Mean: 0.502
1077 Best: 0.7166666666666667 Mean: 0.5076666666666668
1078 Best: 0.7166666666666667 Mean: 0.5076666666666665
1079 Best: 0.7166666666666667 Mean: 0.507
1080 Best: 0.7166666666666667 Mean: 0.5076666666666667
1081 Best: 0.7166666666666667 Mean: 0.5073333333333332
1082 Best: 0.7166666666666667 Mean: 0.508
1083 Best: 0.7166666666666667 Mean: 0.5103333333333332
1084 Best: 0.7166666666666667 Mean: 0.508
1085 Best: 0.7166666666666667 Mean: 0.5080000000000002
1086 Best: 0.7166666666666667 Mean: 0.5126666666666666
1087 Best: 0.7166666666666667 Mean: 0.5106666666666668
1088 Best: 0.7166666666666667 Mean: 0.5146666666666669
1089 Best: 0.7166666666666667 Mean: 0.5079999999999999
1090 Best: 0.7166666666666667 Mean: 0.5086666666666667
1091 Best: 0.7166666666666667 Mean: 0.5103333333333334
1092 Best: 0.7166666666666667 Mean: 0.5106666666666667
1093 Best: 0.7166666666666667 Mean: 0.513
1094 Best: 0.7166666666666667 Mean: 0.5093333333333334
1095 Best: 0.7166666666666667 Mean: 0.5103333333333332
1096 Best: 0.7166666666666667 Mean: 0.5113333333333334
1097 Best: 0.7166666666666667 Mean: 0.5033333333333334
1098 Best: 0.7166666666666667 Mean: 0.5013333333333333
1099 Best: 0.7166666666666667 Mean: 0.5026666666666666
1100 Best: 0.7166666666666667 Mean: 0.5096666666666667
1101 Best: 0.7166666666666667 Mean: 0.5083333333333333
1102 Best: 0.7166666666666667 Mean: 0.5093333333333333
1103 Best: 0.7166666666666667 Mean: 0.5080000000000001
1104 Best: 0.7166666666666667 Mean: 0.5116666666666668
1105 Best: 0.7166666666666667 Mean: 0.508
1106 Best: 0.7166666666666667 Mean: 0.5006666666666668
1107 Best: 0.7166666666666667 Mean: 0.5096666666666665
1108 Best: 0.7166666666666667 Mean: 0.5133333333333335
1109 Best: 0.7166666666666667 Mean: 0.5116666666666668
1110 Best: 0.7166666666666667 Mean: 0.5096666666666665
1111 Best: 0.7166666666666667 Mean: 0.5069999999999999
1112 Best: 0.7166666666666667 Mean: 0.5076666666666666
1113 Best: 0.7166666666666667 Mean: 0.5050000000000001
1114 Best: 0.7166666666666667 Mean: 0.5083333333333333
1115 Best: 0.7166666666666667 Mean: 0.5110000000000002
1116 Best: 0.7166666666666667 Mean: 0.505
1117 Best: 0.7166666666666667 Mean: 0.5083333333333333
1118 Best: 0.7166666666666667 Mean: 0.5063333333333333
1119 Best: 0.7166666666666667 Mean: 0.5093333333333334
1120 Best: 0.7166666666666667 Mean: 0.507
1121 Best: 0.7166666666666667 Mean: 0.5089999999999999
1122 Best: 0.7166666666666667 Mean: 0.5103333333333334
1123 Best: 0.7166666666666667 Mean: 0.5103333333333333
1124 Best: 0.7166666666666667 Mean: 0.5063333333333333
1125 Best: 0.7166666666666667 Mean: 0.5113333333333333
1126 Best: 0.7166666666666667 Mean: 0.506
1127 Best: 0.7166666666666667 Mean: 0.5073333333333333
1128 Best: 0.7166666666666667 Mean: 0.5086666666666667
1129 Best: 0.7166666666666667 Mean: 0.5026666666666667
1130 Best: 0.7166666666666667 Mean: 0.5086666666666668
1131 Best: 0.7166666666666667 Mean: 0.5113333333333335
1132 Best: 0.7166666666666667 Mean: 0.5059999999999999
1133 Best: 0.7166666666666667 Mean: 0.5086666666666667
1134 Best: 0.7166666666666667 Mean: 0.5106666666666666
1135 Best: 0.7166666666666667 Mean: 0.51
1136 Best: 0.7166666666666667 Mean: 0.5126666666666668
1137 Best: 0.7166666666666667 Mean: 0.5089999999999999
1138 Best: 0.7166666666666667 Mean: 0.5053333333333333
1139 Best: 0.7166666666666667 Mean: 0.5120000000000001
1140 Best: 0.7166666666666667 Mean: 0.5026666666666667
1141 Best: 0.7166666666666667 Mean: 0.5083333333333332
1142 Best: 0.7166666666666667 Mean: 0.5043333333333333
1143 Best: 0.7166666666666667 Mean: 0.5073333333333333
1144 Best: 0.7166666666666667 Mean: 0.502
1145 Best: 0.7166666666666667 Mean: 0.5070000000000001
1146 Best: 0.7166666666666667 Mean: 0.5070000000000001
1147 Best: 0.7166666666666667 Mean: 0.5116666666666666
1148 Best: 0.7166666666666667 Mean: 0.5126666666666667
1149 Best: 0.7166666666666667 Mean: 0.5073333333333334
1150 Best: 0.7166666666666667 Mean: 0.4956666666666667
1151 Best: 0.7166666666666667 Mean: 0.5096666666666667
1152 Best: 0.7166666666666667 Mean: 0.5059999999999998
1153 Best: 0.7166666666666667 Mean: 0.5116666666666668
1154 Best: 0.7166666666666667 Mean: 0.5073333333333331
1155 Best: 0.7166666666666667 Mean: 0.5133333333333333
1156 Best: 0.7166666666666667 Mean: 0.5146666666666667
1157 Best: 0.7166666666666667 Mean: 0.5076666666666667
1158 Best: 0.7166666666666667 Mean: 0.5033333333333333
1159 Best: 0.7166666666666667 Mean: 0.5083333333333333
1160 Best: 0.7166666666666667 Mean: 0.5013333333333335
1161 Best: 0.7166666666666667 Mean: 0.502
New best: 0.75 Gene: (((((f1 + f3) + (f0 + f4)) + (f5 + (f4 + f3))) % (((3 + f4) + (f2 % f0)) + (f3 + f2))) + ((((f2 + f4) + (f0 + f2)) + (f4 % (f5 + f4))) % f5)) < 0.3937943583804866
1162 Best: 0.75 Mean: 0.5046666666666667
1163 Best: 0.75 Mean: 0.5113333333333332
1164 Best: 0.75 Mean: 0.5133333333333334
1165 Best: 0.75 Mean: 0.5003333333333333
1166 Best: 0.75 Mean: 0.502
1167 Best: 0.75 Mean: 0.5053333333333334
1168 Best: 0.75 Mean: 0.5126666666666668
1169 Best: 0.75 Mean: 0.5010000000000001
1170 Best: 0.75 Mean: 0.5120000000000001
1171 Best: 0.75 Mean: 0.5106666666666668
1172 Best: 0.75 Mean: 0.5123333333333334
1173 Best: 0.75 Mean: 0.5133333333333335
1174 Best: 0.75 Mean: 0.5183333333333336
1175 Best: 0.75 Mean: 0.5190000000000003
1176 Best: 0.75 Mean: 0.5160000000000003
1177 Best: 0.75 Mean: 0.5210000000000002
New best: 0.7666666666666667 Gene: ((((f4 + (f0 + f1)) + f5) + (0 + (3 + (f3 + f2)))) % (f5 + ((0 + (f1 + f0)) + f1))) < 0.8074247379950357
1178 Best: 0.7666666666666667 Mean: 0.5326666666666668
1179 Best: 0.7666666666666667 Mean: 0.5333333333333337
1180 Best: 0.7666666666666667 Mean: 0.5223333333333334
1181 Best: 0.7666666666666667 Mean: 0.5100000000000001
New best: 0.7833333333333333 Gene: ((((f4 + (f0 + f1)) + f5) + (0 + (3 + (f3 + f2)))) % 3) < 0.8074247379950357
1182 Best: 0.7833333333333333 Mean: 0.5153333333333334
1183 Best: 0.7833333333333333 Mean: 0.5173333333333334
1184 Best: 0.7833333333333333 Mean: 0.5153333333333338
1185 Best: 0.7833333333333333 Mean: 0.5173333333333335
1186 Best: 0.7833333333333333 Mean: 0.5116666666666666
1187 Best: 0.7833333333333333 Mean: 0.5126666666666667
1188 Best: 0.7833333333333333 Mean: 0.5109999999999999
1189 Best: 0.7833333333333333 Mean: 0.5136666666666667
1190 Best: 0.7833333333333333 Mean: 0.5153333333333336
1191 Best: 0.7833333333333333 Mean: 0.515666666666667
1192 Best: 0.7833333333333333 Mean: 0.5210000000000004
1193 Best: 0.7833333333333333 Mean: 0.5173333333333335
1194 Best: 0.7833333333333333 Mean: 0.5173333333333338
1195 Best: 0.7833333333333333 Mean: 0.5190000000000005
1196 Best: 0.7833333333333333 Mean: 0.5140000000000002
1197 Best: 0.7833333333333333 Mean: 0.5200000000000002
1198 Best: 0.7833333333333333 Mean: 0.5273333333333338
1199 Best: 0.7833333333333333 Mean: 0.5273333333333337
1200 Best: 0.7833333333333333 Mean: 0.528666666666667
1201 Best: 0.7833333333333333 Mean: 0.5326666666666668
1202 Best: 0.7833333333333333 Mean: 0.5286666666666667
1203 Best: 0.7833333333333333 Mean: 0.5303333333333337
1204 Best: 0.7833333333333333 Mean: 0.5263333333333337
1205 Best: 0.7833333333333333 Mean: 0.5243333333333334
1206 Best: 0.7833333333333333 Mean: 0.5260000000000002
1207 Best: 0.7833333333333333 Mean: 0.5370000000000001
1208 Best: 0.7833333333333333 Mean: 0.5290000000000002
1209 Best: 0.7833333333333333 Mean: 0.5223333333333335
1210 Best: 0.7833333333333333 Mean: 0.5226666666666668
1211 Best: 0.7833333333333333 Mean: 0.5213333333333334
1212 Best: 0.7833333333333333 Mean: 0.5160000000000002
1213 Best: 0.7833333333333333 Mean: 0.5186666666666668
1214 Best: 0.7833333333333333 Mean: 0.530666666666667
1215 Best: 0.7833333333333333 Mean: 0.5233333333333337
1216 Best: 0.7833333333333333 Mean: 0.5313333333333335
1217 Best: 0.7833333333333333 Mean: 0.5276666666666668
1218 Best: 0.7833333333333333 Mean: 0.5283333333333335
1219 Best: 0.7833333333333333 Mean: 0.5313333333333337
1220 Best: 0.7833333333333333 Mean: 0.5263333333333335
1221 Best: 0.7833333333333333 Mean: 0.5370000000000004
1222 Best: 0.7833333333333333 Mean: 0.5220000000000001
1223 Best: 0.7833333333333333 Mean: 0.5276666666666668
1224 Best: 0.7833333333333333 Mean: 0.5210000000000002
1225 Best: 0.7833333333333333 Mean: 0.5206666666666668
1226 Best: 0.7833333333333333 Mean: 0.5240000000000002
1227 Best: 0.7833333333333333 Mean: 0.5283333333333337
1228 Best: 0.7833333333333333 Mean: 0.5260000000000002
1229 Best: 0.7833333333333333 Mean: 0.5310000000000004
1230 Best: 0.7833333333333333 Mean: 0.5240000000000002
1231 Best: 0.7833333333333333 Mean: 0.5230000000000002
1232 Best: 0.7833333333333333 Mean: 0.5240000000000001
1233 Best: 0.7833333333333333 Mean: 0.5223333333333335
1234 Best: 0.7833333333333333 Mean: 0.5140000000000002
1235 Best: 0.7833333333333333 Mean: 0.5250000000000002
1236 Best: 0.7833333333333333 Mean: 0.5273333333333337
1237 Best: 0.7833333333333333 Mean: 0.522666666666667
1238 Best: 0.7833333333333333 Mean: 0.5186666666666668
1239 Best: 0.7833333333333333 Mean: 0.5183333333333334
1240 Best: 0.7833333333333333 Mean: 0.529666666666667
1241 Best: 0.7833333333333333 Mean: 0.5303333333333335
1242 Best: 0.7833333333333333 Mean: 0.5320000000000003
1243 Best: 0.7833333333333333 Mean: 0.528666666666667
1244 Best: 0.7833333333333333 Mean: 0.525666666666667
1245 Best: 0.7833333333333333 Mean: 0.5233333333333335
1246 Best: 0.7833333333333333 Mean: 0.5286666666666668
1247 Best: 0.7833333333333333 Mean: 0.5290000000000002
1248 Best: 0.7833333333333333 Mean: 0.5203333333333334
1249 Best: 0.7833333333333333 Mean: 0.5226666666666668
1250 Best: 0.7833333333333333 Mean: 0.5246666666666668
1251 Best: 0.7833333333333333 Mean: 0.5230000000000001
1252 Best: 0.7833333333333333 Mean: 0.5190000000000002
1253 Best: 0.7833333333333333 Mean: 0.5250000000000002
1254 Best: 0.7833333333333333 Mean: 0.5150000000000002
1255 Best: 0.7833333333333333 Mean: 0.5260000000000002
1256 Best: 0.7833333333333333 Mean: 0.5156666666666668
1257 Best: 0.7833333333333333 Mean: 0.5196666666666667
1258 Best: 0.7833333333333333 Mean: 0.5233333333333335
1259 Best: 0.7833333333333333 Mean: 0.5186666666666668
1260 Best: 0.7833333333333333 Mean: 0.521666666666667
1261 Best: 0.7833333333333333 Mean: 0.5213333333333334
1262 Best: 0.7833333333333333 Mean: 0.5200000000000002
1263 Best: 0.7833333333333333 Mean: 0.5186666666666667
1264 Best: 0.7833333333333333 Mean: 0.525666666666667
1265 Best: 0.7833333333333333 Mean: 0.528666666666667
1266 Best: 0.7833333333333333 Mean: 0.525666666666667
1267 Best: 0.7833333333333333 Mean: 0.5253333333333335
1268 Best: 0.7833333333333333 Mean: 0.5280000000000002
1269 Best: 0.7833333333333333 Mean: 0.5223333333333335
1270 Best: 0.7833333333333333 Mean: 0.5290000000000004
1271 Best: 0.7833333333333333 Mean: 0.5200000000000001
1272 Best: 0.7833333333333333 Mean: 0.5280000000000004
1273 Best: 0.7833333333333333 Mean: 0.5360000000000003
1274 Best: 0.7833333333333333 Mean: 0.5293333333333335
1275 Best: 0.7833333333333333 Mean: 0.5240000000000002
1276 Best: 0.7833333333333333 Mean: 0.5276666666666668
1277 Best: 0.7833333333333333 Mean: 0.5173333333333336
1278 Best: 0.7833333333333333 Mean: 0.5260000000000002
1279 Best: 0.7833333333333333 Mean: 0.5323333333333335
1280 Best: 0.7833333333333333 Mean: 0.522666666666667
1281 Best: 0.7833333333333333 Mean: 0.5260000000000002
1282 Best: 0.7833333333333333 Mean: 0.5280000000000001
1283 Best: 0.7833333333333333 Mean: 0.5270000000000002
1284 Best: 0.7833333333333333 Mean: 0.5310000000000004
1285 Best: 0.7833333333333333 Mean: 0.5290000000000002
1286 Best: 0.7833333333333333 Mean: 0.5206666666666669
1287 Best: 0.7833333333333333 Mean: 0.5206666666666669
1288 Best: 0.7833333333333333 Mean: 0.5170000000000001
1289 Best: 0.7833333333333333 Mean: 0.5246666666666668
1290 Best: 0.7833333333333333 Mean: 0.527666666666667
1291 Best: 0.7833333333333333 Mean: 0.5290000000000002
1292 Best: 0.7833333333333333 Mean: 0.529666666666667
1293 Best: 0.7833333333333333 Mean: 0.5276666666666668
1294 Best: 0.7833333333333333 Mean: 0.5253333333333337
1295 Best: 0.7833333333333333 Mean: 0.5256666666666667
1296 Best: 0.7833333333333333 Mean: 0.526666666666667
1297 Best: 0.7833333333333333 Mean: 0.5190000000000001
1298 Best: 0.7833333333333333 Mean: 0.5243333333333337
1299 Best: 0.7833333333333333 Mean: 0.5290000000000004
1300 Best: 0.7833333333333333 Mean: 0.5280000000000001
1301 Best: 0.7833333333333333 Mean: 0.5246666666666668
1302 Best: 0.7833333333333333 Mean: 0.5326666666666671
1303 Best: 0.7833333333333333 Mean: 0.5300000000000002
1304 Best: 0.7833333333333333 Mean: 0.5280000000000004
1305 Best: 0.7833333333333333 Mean: 0.5170000000000001
1306 Best: 0.7833333333333333 Mean: 0.5246666666666668
1307 Best: 0.7833333333333333 Mean: 0.531666666666667
1308 Best: 0.7833333333333333 Mean: 0.5243333333333337
1309 Best: 0.7833333333333333 Mean: 0.5253333333333337
1310 Best: 0.7833333333333333 Mean: 0.5250000000000001
1311 Best: 0.7833333333333333 Mean: 0.5230000000000002
1312 Best: 0.7833333333333333 Mean: 0.5236666666666668
1313 Best: 0.7833333333333333 Mean: 0.5253333333333335
1314 Best: 0.7833333333333333 Mean: 0.525666666666667
1315 Best: 0.7833333333333333 Mean: 0.5246666666666667
1316 Best: 0.7833333333333333 Mean: 0.5173333333333335
1317 Best: 0.7833333333333333 Mean: 0.5240000000000001
1318 Best: 0.7833333333333333 Mean: 0.531666666666667
1319 Best: 0.7833333333333333 Mean: 0.5250000000000002
1320 Best: 0.7833333333333333 Mean: 0.5236666666666668
1321 Best: 0.7833333333333333 Mean: 0.5243333333333337
1322 Best: 0.7833333333333333 Mean: 0.5213333333333334
1323 Best: 0.7833333333333333 Mean: 0.524666666666667
1324 Best: 0.7833333333333333 Mean: 0.5270000000000004
1325 Best: 0.7833333333333333 Mean: 0.5246666666666668
1326 Best: 0.7833333333333333 Mean: 0.526666666666667
1327 Best: 0.7833333333333333 Mean: 0.5273333333333337
1328 Best: 0.7833333333333333 Mean: 0.5250000000000002
1329 Best: 0.7833333333333333 Mean: 0.5120000000000002
1330 Best: 0.7833333333333333 Mean: 0.5166666666666669
1331 Best: 0.7833333333333333 Mean: 0.5240000000000002
1332 Best: 0.7833333333333333 Mean: 0.5283333333333335
1333 Best: 0.7833333333333333 Mean: 0.5240000000000002
1334 Best: 0.7833333333333333 Mean: 0.5253333333333335
1335 Best: 0.7833333333333333 Mean: 0.5350000000000004
1336 Best: 0.7833333333333333 Mean: 0.5253333333333337
1337 Best: 0.7833333333333333 Mean: 0.5263333333333334
1338 Best: 0.7833333333333333 Mean: 0.525666666666667
1339 Best: 0.7833333333333333 Mean: 0.5243333333333335
1340 Best: 0.7833333333333333 Mean: 0.5293333333333337
1341 Best: 0.7833333333333333 Mean: 0.5290000000000002
1342 Best: 0.7833333333333333 Mean: 0.5220000000000001
1343 Best: 0.7833333333333333 Mean: 0.526666666666667
1344 Best: 0.7833333333333333 Mean: 0.52
1345 Best: 0.7833333333333333 Mean: 0.5270000000000002
1346 Best: 0.7833333333333333 Mean: 0.5296666666666671
1347 Best: 0.7833333333333333 Mean: 0.529666666666667
1348 Best: 0.7833333333333333 Mean: 0.5290000000000002
1349 Best: 0.7833333333333333 Mean: 0.5253333333333335
1350 Best: 0.7833333333333333 Mean: 0.5180000000000002
1351 Best: 0.7833333333333333 Mean: 0.518
1352 Best: 0.7833333333333333 Mean: 0.5170000000000001
1353 Best: 0.7833333333333333 Mean: 0.5280000000000002
1354 Best: 0.7833333333333333 Mean: 0.5200000000000002
1355 Best: 0.7833333333333333 Mean: 0.5320000000000004
1356 Best: 0.7833333333333333 Mean: 0.5333333333333337
1357 Best: 0.7833333333333333 Mean: 0.5273333333333337
1358 Best: 0.7833333333333333 Mean: 0.5196666666666668
1359 Best: 0.7833333333333333 Mean: 0.523666666666667
1360 Best: 0.7833333333333333 Mean: 0.5216666666666667
1361 Best: 0.7833333333333333 Mean: 0.525666666666667
1362 Best: 0.7833333333333333 Mean: 0.5273333333333337
1363 Best: 0.7833333333333333 Mean: 0.5273333333333335
1364 Best: 0.7833333333333333 Mean: 0.5220000000000002
1365 Best: 0.7833333333333333 Mean: 0.5280000000000002
New best: 0.9833333333333333 Gene: (((((f1 + f2) + (f3 + f0)) + ((f4 + f4) + (-1 + f4))) + f5) % 2) < 0.44282579177624615
1366 Best: 0.9833333333333333 Mean: 0.5400000000000003
1367 Best: 0.9833333333333333 Mean: 0.5286666666666668
1368 Best: 0.9833333333333333 Mean: 0.5233333333333335
1369 Best: 0.9833333333333333 Mean: 0.5186666666666668
1370 Best: 0.9833333333333333 Mean: 0.5280000000000002
1371 Best: 0.9833333333333333 Mean: 0.5200000000000002
1372 Best: 0.9833333333333333 Mean: 0.5313333333333337
1373 Best: 0.9833333333333333 Mean: 0.5300000000000002
1374 Best: 0.9833333333333333 Mean: 0.5063333333333334
1375 Best: 0.9833333333333333 Mean: 0.526666666666667
1376 Best: 0.9833333333333333 Mean: 0.5260000000000002
1377 Best: 0.9833333333333333 Mean: 0.527666666666667
1378 Best: 0.9833333333333333 Mean: 0.5290000000000002
1379 Best: 0.9833333333333333 Mean: 0.5310000000000005
1380 Best: 0.9833333333333333 Mean: 0.528666666666667
1381 Best: 0.9833333333333333 Mean: 0.5300000000000002
1382 Best: 0.9833333333333333 Mean: 0.5290000000000002
1383 Best: 0.9833333333333333 Mean: 0.529666666666667
1384 Best: 0.9833333333333333 Mean: 0.5263333333333337
1385 Best: 0.9833333333333333 Mean: 0.5213333333333336
1386 Best: 0.9833333333333333 Mean: 0.5216666666666668
1387 Best: 0.9833333333333333 Mean: 0.5290000000000002
1388 Best: 0.9833333333333333 Mean: 0.5200000000000002
1389 Best: 0.9833333333333333 Mean: 0.5220000000000001
1390 Best: 0.9833333333333333 Mean: 0.5203333333333334
1391 Best: 0.9833333333333333 Mean: 0.5270000000000004
1392 Best: 0.9833333333333333 Mean: 0.5276666666666668
1393 Best: 0.9833333333333333 Mean: 0.524666666666667
1394 Best: 0.9833333333333333 Mean: 0.5266666666666668
1395 Best: 0.9833333333333333 Mean: 0.5310000000000002
1396 Best: 0.9833333333333333 Mean: 0.5286666666666668
1397 Best: 0.9833333333333333 Mean: 0.5173333333333335
1398 Best: 0.9833333333333333 Mean: 0.5353333333333335
1399 Best: 0.9833333333333333 Mean: 0.5326666666666668
1400 Best: 0.9833333333333333 Mean: 0.5270000000000004
1401 Best: 0.9833333333333333 Mean: 0.5276666666666668
1402 Best: 0.9833333333333333 Mean: 0.5260000000000004
1403 Best: 0.9833333333333333 Mean: 0.5320000000000004
1404 Best: 0.9833333333333333 Mean: 0.5236666666666668
1405 Best: 0.9833333333333333 Mean: 0.5246666666666667
1406 Best: 0.9833333333333333 Mean: 0.531666666666667
1407 Best: 0.9833333333333333 Mean: 0.5313333333333335
1408 Best: 0.9833333333333333 Mean: 0.5280000000000002
1409 Best: 0.9833333333333333 Mean: 0.524666666666667
1410 Best: 0.9833333333333333 Mean: 0.5260000000000002
1411 Best: 0.9833333333333333 Mean: 0.5223333333333336
1412 Best: 0.9833333333333333 Mean: 0.5263333333333337
1413 Best: 0.9833333333333333 Mean: 0.5290000000000002
1414 Best: 0.9833333333333333 Mean: 0.526666666666667
1415 Best: 0.9833333333333333 Mean: 0.5266666666666668
1416 Best: 0.9833333333333333 Mean: 0.534666666666667
1417 Best: 0.9833333333333333 Mean: 0.5286666666666668
1418 Best: 0.9833333333333333 Mean: 0.5300000000000002
1419 Best: 0.9833333333333333 Mean: 0.5280000000000002
1420 Best: 0.9833333333333333 Mean: 0.5230000000000001
1421 Best: 0.9833333333333333 Mean: 0.527666666666667
1422 Best: 0.9833333333333333 Mean: 0.5246666666666668
1423 Best: 0.9833333333333333 Mean: 0.5213333333333336
1424 Best: 0.9833333333333333 Mean: 0.5273333333333337
1425 Best: 0.9833333333333333 Mean: 0.5280000000000002
1426 Best: 0.9833333333333333 Mean: 0.530666666666667
1427 Best: 0.9833333333333333 Mean: 0.5260000000000002
1428 Best: 0.9833333333333333 Mean: 0.522666666666667
1429 Best: 0.9833333333333333 Mean: 0.534666666666667
1430 Best: 0.9833333333333333 Mean: 0.5280000000000001
1431 Best: 0.9833333333333333 Mean: 0.5303333333333335
1432 Best: 0.9833333333333333 Mean: 0.5290000000000004
1433 Best: 0.9833333333333333 Mean: 0.5320000000000004
1434 Best: 0.9833333333333333 Mean: 0.5286666666666668
1435 Best: 0.9833333333333333 Mean: 0.527666666666667
1436 Best: 0.9833333333333333 Mean: 0.5270000000000002
1437 Best: 0.9833333333333333 Mean: 0.5250000000000002
1438 Best: 0.9833333333333333 Mean: 0.5256666666666668
1439 Best: 0.9833333333333333 Mean: 0.523666666666667
1440 Best: 0.9833333333333333 Mean: 0.519
1441 Best: 0.9833333333333333 Mean: 0.5330000000000003
1442 Best: 0.9833333333333333 Mean: 0.5320000000000004
1443 Best: 0.9833333333333333 Mean: 0.5156666666666667
1444 Best: 0.9833333333333333 Mean: 0.5263333333333335
1445 Best: 0.9833333333333333 Mean: 0.5283333333333335
1446 Best: 0.9833333333333333 Mean: 0.5293333333333337
1447 Best: 0.9833333333333333 Mean: 0.5266666666666668
1448 Best: 0.9833333333333333 Mean: 0.5206666666666668
1449 Best: 0.9833333333333333 Mean: 0.5283333333333335
1450 Best: 0.9833333333333333 Mean: 0.531666666666667
1451 Best: 0.9833333333333333 Mean: 0.5220000000000001
1452 Best: 0.9833333333333333 Mean: 0.526666666666667
1453 Best: 0.9833333333333333 Mean: 0.5263333333333337
1454 Best: 0.9833333333333333 Mean: 0.524666666666667
1455 Best: 0.9833333333333333 Mean: 0.5310000000000002
1456 Best: 0.9833333333333333 Mean: 0.5323333333333335
1457 Best: 0.9833333333333333 Mean: 0.5270000000000002
1458 Best: 0.9833333333333333 Mean: 0.5200000000000004
1459 Best: 0.9833333333333333 Mean: 0.5286666666666668
1460 Best: 0.9833333333333333 Mean: 0.519
1461 Best: 0.9833333333333333 Mean: 0.5226666666666668
1462 Best: 0.9833333333333333 Mean: 0.529666666666667
1463 Best: 0.9833333333333333 Mean: 0.5293333333333337
1464 Best: 0.9833333333333333 Mean: 0.5116666666666668
1465 Best: 0.9833333333333333 Mean: 0.5236666666666668
1466 Best: 0.9833333333333333 Mean: 0.5226666666666668
1467 Best: 0.9833333333333333 Mean: 0.5313333333333335
1468 Best: 0.9833333333333333 Mean: 0.5263333333333337
1469 Best: 0.9833333333333333 Mean: 0.5253333333333337
1470 Best: 0.9833333333333333 Mean: 0.523666666666667
1471 Best: 0.9833333333333333 Mean: 0.5233333333333335
1472 Best: 0.9833333333333333 Mean: 0.5263333333333334
1473 Best: 0.9833333333333333 Mean: 0.530666666666667
1474 Best: 0.9833333333333333 Mean: 0.5356666666666671
1475 Best: 0.9833333333333333 Mean: 0.5223333333333334
1476 Best: 0.9833333333333333 Mean: 0.529666666666667
1477 Best: 0.9833333333333333 Mean: 0.536666666666667
1478 Best: 0.9833333333333333 Mean: 0.5256666666666668
1479 Best: 0.9833333333333333 Mean: 0.5260000000000002
1480 Best: 0.9833333333333333 Mean: 0.5263333333333337
1481 Best: 0.9833333333333333 Mean: 0.5313333333333335
1482 Best: 0.9833333333333333 Mean: 0.522666666666667
1483 Best: 0.9833333333333333 Mean: 0.5296666666666671
1484 Best: 0.9833333333333333 Mean: 0.5270000000000004
1485 Best: 0.9833333333333333 Mean: 0.5283333333333337
1486 Best: 0.9833333333333333 Mean: 0.521666666666667
1487 Best: 0.9833333333333333 Mean: 0.525666666666667
1488 Best: 0.9833333333333333 Mean: 0.5243333333333337
1489 Best: 0.9833333333333333 Mean: 0.5246666666666668
1490 Best: 0.9833333333333333 Mean: 0.5273333333333337
1491 Best: 0.9833333333333333 Mean: 0.5146666666666668
1492 Best: 0.9833333333333333 Mean: 0.5240000000000001
1493 Best: 0.9833333333333333 Mean: 0.5230000000000002
1494 Best: 0.9833333333333333 Mean: 0.5270000000000002
1495 Best: 0.9833333333333333 Mean: 0.5176666666666668
1496 Best: 0.9833333333333333 Mean: 0.5230000000000001
1497 Best: 0.9833333333333333 Mean: 0.5313333333333337
1498 Best: 0.9833333333333333 Mean: 0.5236666666666667
1499 Best: 0.9833333333333333 Mean: 0.5126666666666668
1500 Best: 0.9833333333333333 Mean: 0.5193333333333335
1501 Best: 0.9833333333333333 Mean: 0.5213333333333333
1502 Best: 0.9833333333333333 Mean: 0.529666666666667
1503 Best: 0.9833333333333333 Mean: 0.5283333333333337
1504 Best: 0.9833333333333333 Mean: 0.527666666666667
1505 Best: 0.9833333333333333 Mean: 0.5203333333333336
1506 Best: 0.9833333333333333 Mean: 0.5280000000000002
1507 Best: 0.9833333333333333 Mean: 0.5296666666666668
1508 Best: 0.9833333333333333 Mean: 0.5260000000000001
1509 Best: 0.9833333333333333 Mean: 0.5183333333333334
1510 Best: 0.9833333333333333 Mean: 0.5146666666666668
1511 Best: 0.9833333333333333 Mean: 0.5190000000000001
1512 Best: 0.9833333333333333 Mean: 0.5166666666666668
1513 Best: 0.9833333333333333 Mean: 0.524666666666667
1514 Best: 0.9833333333333333 Mean: 0.5223333333333335
1515 Best: 0.9833333333333333 Mean: 0.5293333333333335
1516 Best: 0.9833333333333333 Mean: 0.5233333333333335
1517 Best: 0.9833333333333333 Mean: 0.529666666666667
1518 Best: 0.9833333333333333 Mean: 0.5343333333333335
1519 Best: 0.9833333333333333 Mean: 0.528666666666667
1520 Best: 0.9833333333333333 Mean: 0.5240000000000002
1521 Best: 0.9833333333333333 Mean: 0.5283333333333337
1522 Best: 0.9833333333333333 Mean: 0.5236666666666671
1523 Best: 0.9833333333333333 Mean: 0.5173333333333333
1524 Best: 0.9833333333333333 Mean: 0.5296666666666668
1525 Best: 0.9833333333333333 Mean: 0.5233333333333335
1526 Best: 0.9833333333333333 Mean: 0.5293333333333335
1527 Best: 0.9833333333333333 Mean: 0.5310000000000002
1528 Best: 0.9833333333333333 Mean: 0.5270000000000004
1529 Best: 0.9833333333333333 Mean: 0.5293333333333335
1530 Best: 0.9833333333333333 Mean: 0.5213333333333335
1531 Best: 0.9833333333333333 Mean: 0.5276666666666671
1532 Best: 0.9833333333333333 Mean: 0.5323333333333335
1533 Best: 0.9833333333333333 Mean: 0.5316666666666667
1534 Best: 0.9833333333333333 Mean: 0.5300000000000002
1535 Best: 0.9833333333333333 Mean: 0.5206666666666668
1536 Best: 0.9833333333333333 Mean: 0.5283333333333337
1537 Best: 0.9833333333333333 Mean: 0.5243333333333335
1538 Best: 0.9833333333333333 Mean: 0.5250000000000002
1539 Best: 0.9833333333333333 Mean: 0.5290000000000004
1540 Best: 0.9833333333333333 Mean: 0.5330000000000003
1541 Best: 0.9833333333333333 Mean: 0.5226666666666668
1542 Best: 0.9833333333333333 Mean: 0.5240000000000002
1543 Best: 0.9833333333333333 Mean: 0.5133333333333334
1544 Best: 0.9833333333333333 Mean: 0.5200000000000001
1545 Best: 0.9833333333333333 Mean: 0.5320000000000004
1546 Best: 0.9833333333333333 Mean: 0.5240000000000002
1547 Best: 0.9833333333333333 Mean: 0.529666666666667
1548 Best: 0.9833333333333333 Mean: 0.5263333333333335
1549 Best: 0.9833333333333333 Mean: 0.5260000000000002
1550 Best: 0.9833333333333333 Mean: 0.5250000000000002
1551 Best: 0.9833333333333333 Mean: 0.5303333333333335
1552 Best: 0.9833333333333333 Mean: 0.5273333333333337
1553 Best: 0.9833333333333333 Mean: 0.5310000000000002
1554 Best: 0.9833333333333333 Mean: 0.527666666666667
1555 Best: 0.9833333333333333 Mean: 0.5263333333333337
1556 Best: 0.9833333333333333 Mean: 0.5210000000000002
1557 Best: 0.9833333333333333 Mean: 0.518
1558 Best: 0.9833333333333333 Mean: 0.5210000000000002
1559 Best: 0.9833333333333333 Mean: 0.5286666666666671
1560 Best: 0.9833333333333333 Mean: 0.5293333333333337
1561 Best: 0.9833333333333333 Mean: 0.5133333333333336
1562 Best: 0.9833333333333333 Mean: 0.524666666666667
1563 Best: 0.9833333333333333 Mean: 0.5223333333333335
1564 Best: 0.9833333333333333 Mean: 0.5280000000000001
1565 Best: 0.9833333333333333 Mean: 0.5233333333333335
1566 Best: 0.9833333333333333 Mean: 0.5203333333333336
1567 Best: 0.9833333333333333 Mean: 0.5233333333333335
1568 Best: 0.9833333333333333 Mean: 0.5323333333333337
1569 Best: 0.9833333333333333 Mean: 0.5273333333333337
1570 Best: 0.9833333333333333 Mean: 0.5290000000000002
1571 Best: 0.9833333333333333 Mean: 0.5156666666666668
1572 Best: 0.9833333333333333 Mean: 0.5240000000000002
1573 Best: 0.9833333333333333 Mean: 0.5093333333333334
1574 Best: 0.9833333333333333 Mean: 0.5243333333333335
1575 Best: 0.9833333333333333 Mean: 0.5196666666666668
1576 Best: 0.9833333333333333 Mean: 0.5373333333333337
1577 Best: 0.9833333333333333 Mean: 0.5250000000000002
1578 Best: 0.9833333333333333 Mean: 0.5223333333333335
1579 Best: 0.9833333333333333 Mean: 0.5286666666666668
1580 Best: 0.9833333333333333 Mean: 0.5343333333333337
1581 Best: 0.9833333333333333 Mean: 0.5266666666666668
1582 Best: 0.9833333333333333 Mean: 0.5340000000000003
1583 Best: 0.9833333333333333 Mean: 0.5220000000000002
1584 Best: 0.9833333333333333 Mean: 0.5210000000000001
1585 Best: 0.9833333333333333 Mean: 0.5203333333333335
1586 Best: 0.9833333333333333 Mean: 0.5280000000000002
1587 Best: 0.9833333333333333 Mean: 0.530666666666667
1588 Best: 0.9833333333333333 Mean: 0.5300000000000002
1589 Best: 0.9833333333333333 Mean: 0.536666666666667
1590 Best: 0.9833333333333333 Mean: 0.5203333333333336
1591 Best: 0.9833333333333333 Mean: 0.5293333333333337
1592 Best: 0.9833333333333333 Mean: 0.5186666666666669
1593 Best: 0.9833333333333333 Mean: 0.5233333333333335
1594 Best: 0.9833333333333333 Mean: 0.5180000000000001
1595 Best: 0.9833333333333333 Mean: 0.526666666666667
1596 Best: 0.9833333333333333 Mean: 0.5296666666666668
1597 Best: 0.9833333333333333 Mean: 0.5240000000000002
1598 Best: 0.9833333333333333 Mean: 0.5240000000000001
1599 Best: 0.9833333333333333 Mean: 0.530666666666667
1600 Best: 0.9833333333333333 Mean: 0.5296666666666668
1601 Best: 0.9833333333333333 Mean: 0.5293333333333335
1602 Best: 0.9833333333333333 Mean: 0.5256666666666668
1603 Best: 0.9833333333333333 Mean: 0.5280000000000001
1604 Best: 0.9833333333333333 Mean: 0.5263333333333334
1605 Best: 0.9833333333333333 Mean: 0.5233333333333337
1606 Best: 0.9833333333333333 Mean: 0.5233333333333334
1607 Best: 0.9833333333333333 Mean: 0.526666666666667
1608 Best: 0.9833333333333333 Mean: 0.5283333333333335
1609 Best: 0.9833333333333333 Mean: 0.5260000000000002
1610 Best: 0.9833333333333333 Mean: 0.5303333333333335
1611 Best: 0.9833333333333333 Mean: 0.5236666666666668
1612 Best: 0.9833333333333333 Mean: 0.5183333333333335
1613 Best: 0.9833333333333333 Mean: 0.5206666666666669
1614 Best: 0.9833333333333333 Mean: 0.5203333333333335
1615 Best: 0.9833333333333333 Mean: 0.5253333333333337
1616 Best: 0.9833333333333333 Mean: 0.5293333333333335
1617 Best: 0.9833333333333333 Mean: 0.5206666666666669
1618 Best: 0.9833333333333333 Mean: 0.5286666666666668
1619 Best: 0.9833333333333333 Mean: 0.5270000000000004
1620 Best: 0.9833333333333333 Mean: 0.5166666666666668
1621 Best: 0.9833333333333333 Mean: 0.5273333333333337
1622 Best: 0.9833333333333333 Mean: 0.5270000000000002
1623 Best: 0.9833333333333333 Mean: 0.5240000000000002
1624 Best: 0.9833333333333333 Mean: 0.5310000000000002
1625 Best: 0.9833333333333333 Mean: 0.5280000000000004
1626 Best: 0.9833333333333333 Mean: 0.5240000000000002
1627 Best: 0.9833333333333333 Mean: 0.5233333333333335
1628 Best: 0.9833333333333333 Mean: 0.5226666666666668
1629 Best: 0.9833333333333333 Mean: 0.5353333333333335
1630 Best: 0.9833333333333333 Mean: 0.526666666666667
1631 Best: 0.9833333333333333 Mean: 0.5313333333333337
1632 Best: 0.9833333333333333 Mean: 0.525666666666667
1633 Best: 0.9833333333333333 Mean: 0.516
1634 Best: 0.9833333333333333 Mean: 0.524666666666667
1635 Best: 0.9833333333333333 Mean: 0.5250000000000002
1636 Best: 0.9833333333333333 Mean: 0.5220000000000001
1637 Best: 0.9833333333333333 Mean: 0.5240000000000002
1638 Best: 0.9833333333333333 Mean: 0.527666666666667
1639 Best: 0.9833333333333333 Mean: 0.5263333333333335
1640 Best: 0.9833333333333333 Mean: 0.5160000000000002
1641 Best: 0.9833333333333333 Mean: 0.5256666666666667
1642 Best: 0.9833333333333333 Mean: 0.525666666666667
1643 Best: 0.9833333333333333 Mean: 0.5313333333333337
1644 Best: 0.9833333333333333 Mean: 0.522
1645 Best: 0.9833333333333333 Mean: 0.5246666666666668
1646 Best: 0.9833333333333333 Mean: 0.5263333333333335
1647 Best: 0.9833333333333333 Mean: 0.5273333333333334
1648 Best: 0.9833333333333333 Mean: 0.5300000000000004
1649 Best: 0.9833333333333333 Mean: 0.5273333333333334
1650 Best: 0.9833333333333333 Mean: 0.5330000000000001
1651 Best: 0.9833333333333333 Mean: 0.5220000000000001
1652 Best: 0.9833333333333333 Mean: 0.5213333333333334
1653 Best: 0.9833333333333333 Mean: 0.5250000000000002
1654 Best: 0.9833333333333333 Mean: 0.5283333333333334
1655 Best: 0.9833333333333333 Mean: 0.5276666666666666
1656 Best: 0.9833333333333333 Mean: 0.5326666666666668
1657 Best: 0.9833333333333333 Mean: 0.5160000000000001
1658 Best: 0.9833333333333333 Mean: 0.5310000000000002
1659 Best: 0.9833333333333333 Mean: 0.526666666666667
1660 Best: 0.9833333333333333 Mean: 0.513
1661 Best: 0.9833333333333333 Mean: 0.5053333333333334
1662 Best: 0.9833333333333333 Mean: 0.5159999999999999
1663 Best: 0.9833333333333333 Mean: 0.5220000000000001
1664 Best: 0.9833333333333333 Mean: 0.5206666666666669
1665 Best: 0.9833333333333333 Mean: 0.5203333333333335
1666 Best: 0.9833333333333333 Mean: 0.533666666666667
1667 Best: 0.9833333333333333 Mean: 0.5320000000000004
1668 Best: 0.9833333333333333 Mean: 0.5223333333333335
1669 Best: 0.9833333333333333 Mean: 0.5203333333333335
1670 Best: 0.9833333333333333 Mean: 0.5230000000000001
1671 Best: 0.9833333333333333 Mean: 0.5326666666666671
1672 Best: 0.9833333333333333 Mean: 0.5273333333333337
1673 Best: 0.9833333333333333 Mean: 0.5290000000000002
1674 Best: 0.9833333333333333 Mean: 0.5223333333333335
1675 Best: 0.9833333333333333 Mean: 0.5333333333333335
1676 Best: 0.9833333333333333 Mean: 0.5293333333333337
1677 Best: 0.9833333333333333 Mean: 0.5286666666666668
1678 Best: 0.9833333333333333 Mean: 0.5230000000000001
1679 Best: 0.9833333333333333 Mean: 0.5216666666666668
1680 Best: 0.9833333333333333 Mean: 0.5236666666666668
1681 Best: 0.9833333333333333 Mean: 0.5180000000000001
1682 Best: 0.9833333333333333 Mean: 0.5256666666666668
1683 Best: 0.9833333333333333 Mean: 0.5290000000000002
1684 Best: 0.9833333333333333 Mean: 0.5230000000000002
1685 Best: 0.9833333333333333 Mean: 0.5266666666666668
1686 Best: 0.9833333333333333 Mean: 0.5383333333333337
1687 Best: 0.9833333333333333 Mean: 0.5293333333333337
1688 Best: 0.9833333333333333 Mean: 0.531666666666667
1689 Best: 0.9833333333333333 Mean: 0.5293333333333335
1690 Best: 0.9833333333333333 Mean: 0.5200000000000001
1691 Best: 0.9833333333333333 Mean: 0.524666666666667
1692 Best: 0.9833333333333333 Mean: 0.5206666666666669
1693 Best: 0.9833333333333333 Mean: 0.5196666666666669
1694 Best: 0.9833333333333333 Mean: 0.5283333333333335
1695 Best: 0.9833333333333333 Mean: 0.5270000000000001
1696 Best: 0.9833333333333333 Mean: 0.5220000000000001
1697 Best: 0.9833333333333333 Mean: 0.5253333333333337
1698 Best: 0.9833333333333333 Mean: 0.5270000000000002
1699 Best: 0.9833333333333333 Mean: 0.5300000000000002
1700 Best: 0.9833333333333333 Mean: 0.5203333333333336
1701 Best: 0.9833333333333333 Mean: 0.529666666666667
1702 Best: 0.9833333333333333 Mean: 0.5243333333333335
1703 Best: 0.9833333333333333 Mean: 0.5300000000000002
1704 Best: 0.9833333333333333 Mean: 0.5276666666666668
1705 Best: 0.9833333333333333 Mean: 0.5243333333333335
1706 Best: 0.9833333333333333 Mean: 0.5170000000000002
1707 Best: 0.9833333333333333 Mean: 0.5120000000000002
1708 Best: 0.9833333333333333 Mean: 0.5173333333333335
1709 Best: 0.9833333333333333 Mean: 0.5143333333333335
1710 Best: 0.9833333333333333 Mean: 0.5240000000000001
1711 Best: 0.9833333333333333 Mean: 0.5320000000000003
1712 Best: 0.9833333333333333 Mean: 0.5243333333333335
1713 Best: 0.9833333333333333 Mean: 0.5350000000000003
1714 Best: 0.9833333333333333 Mean: 0.5326666666666671
1715 Best: 0.9833333333333333 Mean: 0.5333333333333335
1716 Best: 0.9833333333333333 Mean: 0.528666666666667
1717 Best: 0.9833333333333333 Mean: 0.519
1718 Best: 0.9833333333333333 Mean: 0.5263333333333334
1719 Best: 0.9833333333333333 Mean: 0.5300000000000002
1720 Best: 0.9833333333333333 Mean: 0.5260000000000002
