New best: 0.5166666666666667 Gene: f2 < 0.6775866683620275
1 Best: 0.5166666666666667 Mean: 0.496
New best: 0.55 Gene: ((((f2 % (f5 + f5)) % (f3 + (1 + f4))) + ((f3 + ((f2 + f5) + (3 + f4))) + f5)) % (((((f0 + f2) + 2) + ((f2 + f2) + (f2 + f1))) + (f3 + ((f1 + f0) + (f4 + f5)))) + (f4 + (f2 + (f0 + (f3 + f1)))))) < 0.11705977336382101
2 Best: 0.55 Mean: 0.5049999999999999
3 Best: 0.55 Mean: 0.5109999999999999
4 Best: 0.55 Mean: 0.5129999999999999
5 Best: 0.55 Mean: 0.5139999999999999
6 Best: 0.55 Mean: 0.5149999999999999
7 Best: 0.55 Mean: 0.5156666666666666
8 Best: 0.55 Mean: 0.5146666666666666
9 Best: 0.55 Mean: 0.5146666666666666
10 Best: 0.55 Mean: 0.5159999999999999
11 Best: 0.55 Mean: 0.5153333333333332
12 Best: 0.55 Mean: 0.5159999999999999
13 Best: 0.55 Mean: 0.5153333333333332
14 Best: 0.55 Mean: 0.5163333333333333
15 Best: 0.55 Mean: 0.5139999999999999
16 Best: 0.55 Mean: 0.5156666666666666
17 Best: 0.55 Mean: 0.5159999999999999
18 Best: 0.55 Mean: 0.5153333333333332
19 Best: 0.55 Mean: 0.5153333333333332
20 Best: 0.55 Mean: 0.5156666666666666
21 Best: 0.55 Mean: 0.5159999999999999
22 Best: 0.55 Mean: 0.5156666666666666
23 Best: 0.55 Mean: 0.5159999999999999
24 Best: 0.55 Mean: 0.5166666666666666
25 Best: 0.55 Mean: 0.5149999999999999
26 Best: 0.55 Mean: 0.5129999999999998
27 Best: 0.55 Mean: 0.5113333333333333
28 Best: 0.55 Mean: 0.5153333333333333
29 Best: 0.55 Mean: 0.5173333333333333
30 Best: 0.55 Mean: 0.5136666666666666
31 Best: 0.55 Mean: 0.5150000000000001
32 Best: 0.55 Mean: 0.5213333333333334
33 Best: 0.55 Mean: 0.5146666666666669
34 Best: 0.55 Mean: 0.5113333333333334
35 Best: 0.55 Mean: 0.5140000000000002
New best: 0.5833333333333334 Gene: (((f5 + f3) + (f2 + f3)) % (((3 + f5) + f4) + ((f1 + (f5 + f5)) + ((3 % 0) + (-4 + f0))))) < 0.5806052156036745
36 Best: 0.5833333333333334 Mean: 0.5113333333333334
37 Best: 0.5833333333333334 Mean: 0.52
38 Best: 0.5833333333333334 Mean: 0.5173333333333335
New best: 0.6 Gene: (((((f4 % f4) % (f3 + f4)) % ((f1 + f2) + f3)) + (f2 + f3)) % (((3 + f5) + f4) + (f1 + ((3 % f3) + (-4 + f0))))) < 0.6859538171569168
39 Best: 0.6 Mean: 0.5176666666666667
40 Best: 0.6 Mean: 0.514
41 Best: 0.6 Mean: 0.507
42 Best: 0.6 Mean: 0.5236666666666667
43 Best: 0.6 Mean: 0.5183333333333335
44 Best: 0.6 Mean: 0.5213333333333335
45 Best: 0.6 Mean: 0.535666666666667
46 Best: 0.6 Mean: 0.5326666666666668
47 Best: 0.6 Mean: 0.5283333333333335
48 Best: 0.6 Mean: 0.528666666666667
49 Best: 0.6 Mean: 0.5360000000000001
50 Best: 0.6 Mean: 0.5336666666666668
51 Best: 0.6 Mean: 0.5316666666666667
52 Best: 0.6 Mean: 0.5306666666666667
53 Best: 0.6 Mean: 0.5263333333333334
54 Best: 0.6 Mean: 0.5233333333333333
55 Best: 0.6 Mean: 0.5389999999999999
56 Best: 0.6 Mean: 0.53
57 Best: 0.6 Mean: 0.5256666666666667
58 Best: 0.6 Mean: 0.528
59 Best: 0.6 Mean: 0.5346666666666668
New best: 0.6166666666666667 Gene: ((-2 + (f2 + f3)) % (((3 + f5) + f4) + (f1 + ((f4 % f3) + (-4 + f0))))) < 0.33823083351943306
60 Best: 0.6166666666666667 Mean: 0.5290000000000004
61 Best: 0.6166666666666667 Mean: 0.5430000000000004
62 Best: 0.6166666666666667 Mean: 0.5340000000000001
63 Best: 0.6166666666666667 Mean: 0.5210000000000001
64 Best: 0.6166666666666667 Mean: 0.5226666666666666
65 Best: 0.6166666666666667 Mean: 0.5303333333333333
66 Best: 0.6166666666666667 Mean: 0.5390000000000001
67 Best: 0.6166666666666667 Mean: 0.544
New best: 0.65 Gene: (((f4 + f5) + (((-4 + f1) + (f0 + f2)) + ((f3 + f0) + f4))) % (((3 + f5) + f4) + ((f3 + f2) + f0))) < 0.12948928366751322
68 Best: 0.65 Mean: 0.544
69 Best: 0.65 Mean: 0.5316666666666666
70 Best: 0.65 Mean: 0.5420000000000001
New best: 0.6666666666666666 Gene: (((f4 + f5) + (((-4 + f1) + (f0 + f2)) + ((f3 + f0) + f4))) % (((3 + f5) + f4) + (((f5 + f5) + f5) + ((f5 + f2) + f2)))) < 0.12948928366751322
71 Best: 0.6666666666666666 Mean: 0.5643333333333335
72 Best: 0.6666666666666666 Mean: 0.536
73 Best: 0.6666666666666666 Mean: 0.5556666666666665
New best: 0.6833333333333333 Gene: (((f4 + f5) + (((-4 + f1) + (f0 + f2)) + ((f2 + f3) + f4))) % (((3 + f5) + f4) + ((f3 + f2) + (f4 + f4)))) < 0.12948928366751322
74 Best: 0.6833333333333333 Mean: 0.564
75 Best: 0.6833333333333333 Mean: 0.5753333333333334
76 Best: 0.6833333333333333 Mean: 0.5666666666666665
New best: 0.7 Gene: (((f4 + f5) + (((-4 + f1) + (f1 + f2)) + ((f3 + f0) + f4))) % (3 + (((f1 % f0) + (f5 + f5)) + ((f4 + f4) + (f0 % f5))))) < 0.9260958435536899
77 Best: 0.7 Mean: 0.5860000000000001
78 Best: 0.7 Mean: 0.5670000000000001
79 Best: 0.7 Mean: 0.5526666666666666
80 Best: 0.7 Mean: 0.5746666666666669
81 Best: 0.7 Mean: 0.5803333333333335
New best: 0.7166666666666667 Gene: (((f4 + f5) + (((-4 + f1) + (f0 + f2)) + ((f3 + f0) + f5))) % (((3 + f0) + f4) + f4)) < 0.9856385662741611
82 Best: 0.7166666666666667 Mean: 0.5900000000000002
83 Best: 0.7166666666666667 Mean: 0.5746666666666664
84 Best: 0.7166666666666667 Mean: 0.5893333333333333
85 Best: 0.7166666666666667 Mean: 0.5536666666666665
86 Best: 0.7166666666666667 Mean: 0.5846666666666667
87 Best: 0.7166666666666667 Mean: 0.6013333333333333
New best: 0.7333333333333333 Gene: (((f4 + f5) + (((-4 + f1) + (f0 + f5)) + ((f2 + f3) + f4))) % ((((f3 + f0) + (f0 + f5)) + ((f1 + f3) + (f0 + f4))) + ((f1 + f2) + ((f5 + f4) + (f3 + f1))))) < 0.030206630475817287
88 Best: 0.7333333333333333 Mean: 0.5693333333333332
89 Best: 0.7333333333333333 Mean: 0.5673333333333332
90 Best: 0.7333333333333333 Mean: 0.5816666666666667
91 Best: 0.7333333333333333 Mean: 0.5673333333333331
92 Best: 0.7333333333333333 Mean: 0.5646666666666664
93 Best: 0.7333333333333333 Mean: 0.5816666666666667
94 Best: 0.7333333333333333 Mean: 0.5756666666666665
95 Best: 0.7333333333333333 Mean: 0.575
96 Best: 0.7333333333333333 Mean: 0.5516666666666665
97 Best: 0.7333333333333333 Mean: 0.5706666666666667
98 Best: 0.7333333333333333 Mean: 0.5883333333333334
99 Best: 0.7333333333333333 Mean: 0.5686666666666667
100 Best: 0.7333333333333333 Mean: 0.5976666666666666
101 Best: 0.7333333333333333 Mean: 0.5813333333333334
New best: 0.7833333333333333 Gene: (((f4 + f5) + (((f3 + f0) + (f5 + f1)) + ((f2 + f3) + f4))) % (((3 + f5) + ((f5 + f5) % f5)) + (((f1 % f0) + f3) + f4))) < 0.9293436033650717
102 Best: 0.7833333333333333 Mean: 0.5830000000000001
103 Best: 0.7833333333333333 Mean: 0.5966666666666667
104 Best: 0.7833333333333333 Mean: 0.5686666666666667
105 Best: 0.7833333333333333 Mean: 0.5566666666666664
106 Best: 0.7833333333333333 Mean: 0.5543333333333335
107 Best: 0.7833333333333333 Mean: 0.5666666666666668
108 Best: 0.7833333333333333 Mean: 0.5620000000000003
109 Best: 0.7833333333333333 Mean: 0.55
110 Best: 0.7833333333333333 Mean: 0.5346666666666667
111 Best: 0.7833333333333333 Mean: 0.5296666666666667
112 Best: 0.7833333333333333 Mean: 0.5066666666666666
113 Best: 0.7833333333333333 Mean: 0.5220000000000001
114 Best: 0.7833333333333333 Mean: 0.54
115 Best: 0.7833333333333333 Mean: 0.518
116 Best: 0.7833333333333333 Mean: 0.5310000000000001
117 Best: 0.7833333333333333 Mean: 0.5150000000000001
118 Best: 0.7833333333333333 Mean: 0.5270000000000001
119 Best: 0.7833333333333333 Mean: 0.5266666666666666
120 Best: 0.7833333333333333 Mean: 0.5213333333333332
121 Best: 0.7833333333333333 Mean: 0.5333333333333333
122 Best: 0.7833333333333333 Mean: 0.5153333333333333
123 Best: 0.7833333333333333 Mean: 0.5186666666666667
124 Best: 0.7833333333333333 Mean: 0.5243333333333334
125 Best: 0.7833333333333333 Mean: 0.5463333333333334
126 Best: 0.7833333333333333 Mean: 0.52
127 Best: 0.7833333333333333 Mean: 0.5403333333333333
128 Best: 0.7833333333333333 Mean: 0.5363333333333333
129 Best: 0.7833333333333333 Mean: 0.5526666666666669
130 Best: 0.7833333333333333 Mean: 0.5670000000000001
131 Best: 0.7833333333333333 Mean: 0.5606666666666668
132 Best: 0.7833333333333333 Mean: 0.544
133 Best: 0.7833333333333333 Mean: 0.5613333333333332
134 Best: 0.7833333333333333 Mean: 0.5373333333333332
135 Best: 0.7833333333333333 Mean: 0.5313333333333334
136 Best: 0.7833333333333333 Mean: 0.515
137 Best: 0.7833333333333333 Mean: 0.5210000000000001
138 Best: 0.7833333333333333 Mean: 0.5286666666666666
139 Best: 0.7833333333333333 Mean: 0.524
140 Best: 0.7833333333333333 Mean: 0.554
141 Best: 0.7833333333333333 Mean: 0.545
142 Best: 0.7833333333333333 Mean: 0.5256666666666667
143 Best: 0.7833333333333333 Mean: 0.5310000000000001
144 Best: 0.7833333333333333 Mean: 0.5153333333333334
145 Best: 0.7833333333333333 Mean: 0.5183333333333333
146 Best: 0.7833333333333333 Mean: 0.5360000000000001
147 Best: 0.7833333333333333 Mean: 0.5490000000000002
148 Best: 0.7833333333333333 Mean: 0.5316666666666667
149 Best: 0.7833333333333333 Mean: 0.5413333333333332
150 Best: 0.7833333333333333 Mean: 0.5220000000000001
151 Best: 0.7833333333333333 Mean: 0.52
152 Best: 0.7833333333333333 Mean: 0.5226666666666666
153 Best: 0.7833333333333333 Mean: 0.516
154 Best: 0.7833333333333333 Mean: 0.5073333333333333
155 Best: 0.7833333333333333 Mean: 0.5166666666666667
156 Best: 0.7833333333333333 Mean: 0.5260000000000001
157 Best: 0.7833333333333333 Mean: 0.5336666666666668
158 Best: 0.7833333333333333 Mean: 0.5160000000000002
159 Best: 0.7833333333333333 Mean: 0.528
160 Best: 0.7833333333333333 Mean: 0.5436666666666667
161 Best: 0.7833333333333333 Mean: 0.5369999999999998
162 Best: 0.7833333333333333 Mean: 0.5113333333333334
163 Best: 0.7833333333333333 Mean: 0.5343333333333333
164 Best: 0.7833333333333333 Mean: 0.5309999999999999
165 Best: 0.7833333333333333 Mean: 0.5449999999999999
166 Best: 0.7833333333333333 Mean: 0.5496666666666665
167 Best: 0.7833333333333333 Mean: 0.5316666666666666
168 Best: 0.7833333333333333 Mean: 0.5389999999999999
169 Best: 0.7833333333333333 Mean: 0.544
170 Best: 0.7833333333333333 Mean: 0.5393333333333332
171 Best: 0.7833333333333333 Mean: 0.5539999999999999
172 Best: 0.7833333333333333 Mean: 0.5359999999999999
173 Best: 0.7833333333333333 Mean: 0.5093333333333334
174 Best: 0.7833333333333333 Mean: 0.5263333333333332
175 Best: 0.7833333333333333 Mean: 0.5453333333333332
176 Best: 0.7833333333333333 Mean: 0.5326666666666666
177 Best: 0.7833333333333333 Mean: 0.5176666666666664
178 Best: 0.7833333333333333 Mean: 0.53
179 Best: 0.7833333333333333 Mean: 0.5203333333333335
180 Best: 0.7833333333333333 Mean: 0.526
181 Best: 0.7833333333333333 Mean: 0.5440000000000002
182 Best: 0.7833333333333333 Mean: 0.5210000000000001
183 Best: 0.7833333333333333 Mean: 0.5306666666666667
184 Best: 0.7833333333333333 Mean: 0.5436666666666669
185 Best: 0.7833333333333333 Mean: 0.536
186 Best: 0.7833333333333333 Mean: 0.5516666666666669
187 Best: 0.7833333333333333 Mean: 0.566
188 Best: 0.7833333333333333 Mean: 0.5323333333333333
189 Best: 0.7833333333333333 Mean: 0.5383333333333334
190 Best: 0.7833333333333333 Mean: 0.5303333333333334
191 Best: 0.7833333333333333 Mean: 0.5190000000000001
192 Best: 0.7833333333333333 Mean: 0.553
193 Best: 0.7833333333333333 Mean: 0.55
194 Best: 0.7833333333333333 Mean: 0.5433333333333333
195 Best: 0.7833333333333333 Mean: 0.5286666666666667
196 Best: 0.7833333333333333 Mean: 0.5456666666666669
197 Best: 0.7833333333333333 Mean: 0.5333333333333337
198 Best: 0.7833333333333333 Mean: 0.5443333333333333
199 Best: 0.7833333333333333 Mean: 0.5376666666666667
200 Best: 0.7833333333333333 Mean: 0.5453333333333332
201 Best: 0.7833333333333333 Mean: 0.5680000000000001
202 Best: 0.7833333333333333 Mean: 0.5713333333333332
203 Best: 0.7833333333333333 Mean: 0.5726666666666669
204 Best: 0.7833333333333333 Mean: 0.5373333333333333
205 Best: 0.7833333333333333 Mean: 0.5790000000000002
206 Best: 0.7833333333333333 Mean: 0.5533333333333336
207 Best: 0.7833333333333333 Mean: 0.5346666666666667
208 Best: 0.7833333333333333 Mean: 0.531
209 Best: 0.7833333333333333 Mean: 0.5493333333333332
210 Best: 0.7833333333333333 Mean: 0.5470000000000002
211 Best: 0.7833333333333333 Mean: 0.5400000000000001
212 Best: 0.7833333333333333 Mean: 0.5366666666666667
213 Best: 0.7833333333333333 Mean: 0.5423333333333334
214 Best: 0.7833333333333333 Mean: 0.5496666666666667
215 Best: 0.7833333333333333 Mean: 0.536
216 Best: 0.7833333333333333 Mean: 0.5430000000000001
217 Best: 0.7833333333333333 Mean: 0.5610000000000002
218 Best: 0.7833333333333333 Mean: 0.5616666666666668
219 Best: 0.7833333333333333 Mean: 0.5606666666666668
220 Best: 0.7833333333333333 Mean: 0.5573333333333332
221 Best: 0.7833333333333333 Mean: 0.5513333333333335
222 Best: 0.7833333333333333 Mean: 0.5703333333333336
223 Best: 0.7833333333333333 Mean: 0.5916666666666669
224 Best: 0.7833333333333333 Mean: 0.5683333333333336
225 Best: 0.7833333333333333 Mean: 0.5563333333333336
226 Best: 0.7833333333333333 Mean: 0.551666666666667
227 Best: 0.7833333333333333 Mean: 0.5693333333333335
228 Best: 0.7833333333333333 Mean: 0.5773333333333336
229 Best: 0.7833333333333333 Mean: 0.544
230 Best: 0.7833333333333333 Mean: 0.5476666666666666
231 Best: 0.7833333333333333 Mean: 0.5650000000000001
232 Best: 0.7833333333333333 Mean: 0.5383333333333336
233 Best: 0.7833333333333333 Mean: 0.568666666666667
234 Best: 0.7833333333333333 Mean: 0.5283333333333337
235 Best: 0.7833333333333333 Mean: 0.5116666666666667
236 Best: 0.7833333333333333 Mean: 0.5180000000000002
237 Best: 0.7833333333333333 Mean: 0.5136666666666667
238 Best: 0.7833333333333333 Mean: 0.5063333333333335
239 Best: 0.7833333333333333 Mean: 0.523
240 Best: 0.7833333333333333 Mean: 0.5293333333333334
241 Best: 0.7833333333333333 Mean: 0.5243333333333333
242 Best: 0.7833333333333333 Mean: 0.5123333333333333
243 Best: 0.7833333333333333 Mean: 0.4996666666666667
244 Best: 0.7833333333333333 Mean: 0.5156666666666667
245 Best: 0.7833333333333333 Mean: 0.5210000000000001
246 Best: 0.7833333333333333 Mean: 0.5283333333333337
247 Best: 0.7833333333333333 Mean: 0.5280000000000001
248 Best: 0.7833333333333333 Mean: 0.5283333333333337
249 Best: 0.7833333333333333 Mean: 0.5233333333333333
250 Best: 0.7833333333333333 Mean: 0.5263333333333333
251 Best: 0.7833333333333333 Mean: 0.5353333333333335
252 Best: 0.7833333333333333 Mean: 0.5263333333333333
253 Best: 0.7833333333333333 Mean: 0.5243333333333335
254 Best: 0.7833333333333333 Mean: 0.5333333333333334
255 Best: 0.7833333333333333 Mean: 0.5353333333333333
256 Best: 0.7833333333333333 Mean: 0.5336666666666667
257 Best: 0.7833333333333333 Mean: 0.5336666666666666
258 Best: 0.7833333333333333 Mean: 0.5049999999999999
259 Best: 0.7833333333333333 Mean: 0.526
260 Best: 0.7833333333333333 Mean: 0.526
261 Best: 0.7833333333333333 Mean: 0.5260000000000001
262 Best: 0.7833333333333333 Mean: 0.5340000000000001
263 Best: 0.7833333333333333 Mean: 0.5363333333333334
264 Best: 0.7833333333333333 Mean: 0.5223333333333334
265 Best: 0.7833333333333333 Mean: 0.5223333333333333
266 Best: 0.7833333333333333 Mean: 0.52
267 Best: 0.7833333333333333 Mean: 0.5026666666666668
268 Best: 0.7833333333333333 Mean: 0.5313333333333334
269 Best: 0.7833333333333333 Mean: 0.5326666666666666
270 Best: 0.7833333333333333 Mean: 0.532
271 Best: 0.7833333333333333 Mean: 0.5296666666666667
272 Best: 0.7833333333333333 Mean: 0.5353333333333334
273 Best: 0.7833333333333333 Mean: 0.551666666666667
274 Best: 0.7833333333333333 Mean: 0.5440000000000002
275 Best: 0.7833333333333333 Mean: 0.561
276 Best: 0.7833333333333333 Mean: 0.546
277 Best: 0.7833333333333333 Mean: 0.5613333333333335
278 Best: 0.7833333333333333 Mean: 0.5670000000000001
279 Best: 0.7833333333333333 Mean: 0.557
280 Best: 0.7833333333333333 Mean: 0.5586666666666664
281 Best: 0.7833333333333333 Mean: 0.5603333333333332
282 Best: 0.7833333333333333 Mean: 0.5426666666666667
283 Best: 0.7833333333333333 Mean: 0.5530000000000002
284 Best: 0.7833333333333333 Mean: 0.5446666666666666
285 Best: 0.7833333333333333 Mean: 0.5303333333333332
286 Best: 0.7833333333333333 Mean: 0.5546666666666668
287 Best: 0.7833333333333333 Mean: 0.5443333333333333
288 Best: 0.7833333333333333 Mean: 0.5583333333333333
289 Best: 0.7833333333333333 Mean: 0.5536666666666666
290 Best: 0.7833333333333333 Mean: 0.5613333333333332
291 Best: 0.7833333333333333 Mean: 0.5636666666666665
292 Best: 0.7833333333333333 Mean: 0.563
293 Best: 0.7833333333333333 Mean: 0.5793333333333334
294 Best: 0.7833333333333333 Mean: 0.5769999999999998
295 Best: 0.7833333333333333 Mean: 0.5690000000000001
296 Best: 0.7833333333333333 Mean: 0.573
297 Best: 0.7833333333333333 Mean: 0.6263333333333333
298 Best: 0.7833333333333333 Mean: 0.59
299 Best: 0.7833333333333333 Mean: 0.6056666666666666
300 Best: 0.7833333333333333 Mean: 0.5859999999999999
301 Best: 0.7833333333333333 Mean: 0.5800000000000002
302 Best: 0.7833333333333333 Mean: 0.5823333333333331
303 Best: 0.7833333333333333 Mean: 0.5456666666666665
304 Best: 0.7833333333333333 Mean: 0.5816666666666667
305 Best: 0.7833333333333333 Mean: 0.581
306 Best: 0.7833333333333333 Mean: 0.5746666666666667
307 Best: 0.7833333333333333 Mean: 0.5686666666666667
308 Best: 0.7833333333333333 Mean: 0.567
309 Best: 0.7833333333333333 Mean: 0.575
310 Best: 0.7833333333333333 Mean: 0.5643333333333332
311 Best: 0.7833333333333333 Mean: 0.5713333333333334
312 Best: 0.7833333333333333 Mean: 0.5609999999999998
313 Best: 0.7833333333333333 Mean: 0.5733333333333335
314 Best: 0.7833333333333333 Mean: 0.5756666666666667
315 Best: 0.7833333333333333 Mean: 0.5726666666666668
316 Best: 0.7833333333333333 Mean: 0.5436666666666669
317 Best: 0.7833333333333333 Mean: 0.5633333333333335
318 Best: 0.7833333333333333 Mean: 0.5736666666666667
319 Best: 0.7833333333333333 Mean: 0.5793333333333334
320 Best: 0.7833333333333333 Mean: 0.5703333333333331
321 Best: 0.7833333333333333 Mean: 0.5656666666666667
322 Best: 0.7833333333333333 Mean: 0.5626666666666666
323 Best: 0.7833333333333333 Mean: 0.5489999999999999
324 Best: 0.7833333333333333 Mean: 0.571
325 Best: 0.7833333333333333 Mean: 0.5776666666666668
326 Best: 0.7833333333333333 Mean: 0.5656666666666665
327 Best: 0.7833333333333333 Mean: 0.5416666666666665
328 Best: 0.7833333333333333 Mean: 0.5796666666666667
329 Best: 0.7833333333333333 Mean: 0.5999999999999999
330 Best: 0.7833333333333333 Mean: 0.6059999999999997
331 Best: 0.7833333333333333 Mean: 0.5559999999999997
332 Best: 0.7833333333333333 Mean: 0.5719999999999997
333 Best: 0.7833333333333333 Mean: 0.5733333333333335
334 Best: 0.7833333333333333 Mean: 0.588333333333333
335 Best: 0.7833333333333333 Mean: 0.5966666666666665
336 Best: 0.7833333333333333 Mean: 0.5703333333333334
337 Best: 0.7833333333333333 Mean: 0.6006666666666665
338 Best: 0.7833333333333333 Mean: 0.5913333333333334
339 Best: 0.7833333333333333 Mean: 0.5623333333333334
340 Best: 0.7833333333333333 Mean: 0.6159999999999998
341 Best: 0.7833333333333333 Mean: 0.5816666666666667
New best: 0.8 Gene: (((((f4 + f2) + (f3 + f4)) + ((f5 + -4) + (f1 + f0))) + f5) % ((((f0 + f2) + (-1 + f0)) % (f3 + (f2 % f2))) + 3)) < 0.5600690940137139
342 Best: 0.8 Mean: 0.597
343 Best: 0.8 Mean: 0.5796666666666668
344 Best: 0.8 Mean: 0.5730000000000001
345 Best: 0.8 Mean: 0.5963333333333337
346 Best: 0.8 Mean: 0.6440000000000002
347 Best: 0.8 Mean: 0.6130000000000002
348 Best: 0.8 Mean: 0.5800000000000002
349 Best: 0.8 Mean: 0.6030000000000002
350 Best: 0.8 Mean: 0.5746666666666669
351 Best: 0.8 Mean: 0.5863333333333333
352 Best: 0.8 Mean: 0.6443333333333334
353 Best: 0.8 Mean: 0.6083333333333334
354 Best: 0.8 Mean: 0.6103333333333335
355 Best: 0.8 Mean: 0.6013333333333334
356 Best: 0.8 Mean: 0.5910000000000001
357 Best: 0.8 Mean: 0.6563333333333335
358 Best: 0.8 Mean: 0.6106666666666669
359 Best: 0.8 Mean: 0.6180000000000001
360 Best: 0.8 Mean: 0.5973333333333334
361 Best: 0.8 Mean: 0.622666666666667
362 Best: 0.8 Mean: 0.5913333333333335
363 Best: 0.8 Mean: 0.6170000000000003
364 Best: 0.8 Mean: 0.610666666666667
365 Best: 0.8 Mean: 0.6920000000000002
366 Best: 0.8 Mean: 0.6113333333333335
367 Best: 0.8 Mean: 0.6143333333333337
368 Best: 0.8 Mean: 0.5970000000000003
369 Best: 0.8 Mean: 0.6293333333333335
370 Best: 0.8 Mean: 0.6110000000000001
371 Best: 0.8 Mean: 0.6310000000000002
372 Best: 0.8 Mean: 0.6230000000000002
373 Best: 0.8 Mean: 0.6166666666666669
374 Best: 0.8 Mean: 0.6146666666666669
375 Best: 0.8 Mean: 0.625666666666667
376 Best: 0.8 Mean: 0.6220000000000001
377 Best: 0.8 Mean: 0.6360000000000003
378 Best: 0.8 Mean: 0.5950000000000003
379 Best: 0.8 Mean: 0.6010000000000002
380 Best: 0.8 Mean: 0.6330000000000002
381 Best: 0.8 Mean: 0.5993333333333335
382 Best: 0.8 Mean: 0.5920000000000002
383 Best: 0.8 Mean: 0.6156666666666668
384 Best: 0.8 Mean: 0.6140000000000001
385 Best: 0.8 Mean: 0.6483333333333338
386 Best: 0.8 Mean: 0.5906666666666669
387 Best: 0.8 Mean: 0.5923333333333334
388 Best: 0.8 Mean: 0.6143333333333334
389 Best: 0.8 Mean: 0.6196666666666668
390 Best: 0.8 Mean: 0.6110000000000002
391 Best: 0.8 Mean: 0.6273333333333336
392 Best: 0.8 Mean: 0.5913333333333337
393 Best: 0.8 Mean: 0.612666666666667
394 Best: 0.8 Mean: 0.6076666666666669
395 Best: 0.8 Mean: 0.5976666666666669
396 Best: 0.8 Mean: 0.6423333333333335
397 Best: 0.8 Mean: 0.6383333333333335
398 Best: 0.8 Mean: 0.5946666666666667
399 Best: 0.8 Mean: 0.5936666666666669
400 Best: 0.8 Mean: 0.6193333333333335
401 Best: 0.8 Mean: 0.6116666666666668
402 Best: 0.8 Mean: 0.6300000000000002
403 Best: 0.8 Mean: 0.6386666666666668
404 Best: 0.8 Mean: 0.5860000000000002
405 Best: 0.8 Mean: 0.621
406 Best: 0.8 Mean: 0.61
407 Best: 0.8 Mean: 0.6030000000000001
408 Best: 0.8 Mean: 0.6173333333333336
409 Best: 0.8 Mean: 0.6153333333333334
410 Best: 0.8 Mean: 0.5886666666666668
411 Best: 0.8 Mean: 0.5930000000000001
412 Best: 0.8 Mean: 0.5820000000000002
413 Best: 0.8 Mean: 0.569
414 Best: 0.8 Mean: 0.5940000000000002
415 Best: 0.8 Mean: 0.6113333333333335
416 Best: 0.8 Mean: 0.656666666666667
417 Best: 0.8 Mean: 0.610666666666667
418 Best: 0.8 Mean: 0.6123333333333335
419 Best: 0.8 Mean: 0.6056666666666668
420 Best: 0.8 Mean: 0.5923333333333337
421 Best: 0.8 Mean: 0.5893333333333335
422 Best: 0.8 Mean: 0.6050000000000001
423 Best: 0.8 Mean: 0.6403333333333334
424 Best: 0.8 Mean: 0.6093333333333335
425 Best: 0.8 Mean: 0.6223333333333335
426 Best: 0.8 Mean: 0.6170000000000002
427 Best: 0.8 Mean: 0.5940000000000002
428 Best: 0.8 Mean: 0.5830000000000001
429 Best: 0.8 Mean: 0.6253333333333335
430 Best: 0.8 Mean: 0.5900000000000002
431 Best: 0.8 Mean: 0.5913333333333334
New best: 0.8166666666666667 Gene: (((((f3 + f2) + (f4 + f0)) + ((f5 + -4) + (f1 + f0))) + (((f0 + f2) % (f3 + f2)) + (f4 + (f2 % f4)))) % ((((f3 + f1) % (f5 % 2)) % f1) + 3)) < 0.5600690940137139
432 Best: 0.8166666666666667 Mean: 0.6026666666666669
433 Best: 0.8166666666666667 Mean: 0.5953333333333333
434 Best: 0.8166666666666667 Mean: 0.5993333333333335
435 Best: 0.8166666666666667 Mean: 0.6213333333333334
436 Best: 0.8166666666666667 Mean: 0.6090000000000001
437 Best: 0.8166666666666667 Mean: 0.5663333333333334
438 Best: 0.8166666666666667 Mean: 0.5700000000000001
439 Best: 0.8166666666666667 Mean: 0.5826666666666668
440 Best: 0.8166666666666667 Mean: 0.5563333333333332
441 Best: 0.8166666666666667 Mean: 0.6046666666666666
442 Best: 0.8166666666666667 Mean: 0.5890000000000001
443 Best: 0.8166666666666667 Mean: 0.5923333333333335
444 Best: 0.8166666666666667 Mean: 0.6020000000000002
445 Best: 0.8166666666666667 Mean: 0.5763333333333333
446 Best: 0.8166666666666667 Mean: 0.5793333333333333
447 Best: 0.8166666666666667 Mean: 0.6136666666666667
448 Best: 0.8166666666666667 Mean: 0.5833333333333333
449 Best: 0.8166666666666667 Mean: 0.5906666666666669
450 Best: 0.8166666666666667 Mean: 0.5686666666666668
451 Best: 0.8166666666666667 Mean: 0.5850000000000001
452 Best: 0.8166666666666667 Mean: 0.5886666666666668
453 Best: 0.8166666666666667 Mean: 0.6253333333333333
454 Best: 0.8166666666666667 Mean: 0.6023333333333335
455 Best: 0.8166666666666667 Mean: 0.6113333333333335
456 Best: 0.8166666666666667 Mean: 0.6093333333333336
457 Best: 0.8166666666666667 Mean: 0.6026666666666669
458 Best: 0.8166666666666667 Mean: 0.552
459 Best: 0.8166666666666667 Mean: 0.6040000000000001
460 Best: 0.8166666666666667 Mean: 0.5750000000000002
461 Best: 0.8166666666666667 Mean: 0.5823333333333336
462 Best: 0.8166666666666667 Mean: 0.6076666666666669
463 Best: 0.8166666666666667 Mean: 0.5953333333333333
464 Best: 0.8166666666666667 Mean: 0.5776666666666669
465 Best: 0.8166666666666667 Mean: 0.5626666666666668
466 Best: 0.8166666666666667 Mean: 0.5843333333333335
467 Best: 0.8166666666666667 Mean: 0.6130000000000004
468 Best: 0.8166666666666667 Mean: 0.6143333333333334
469 Best: 0.8166666666666667 Mean: 0.5930000000000001
470 Best: 0.8166666666666667 Mean: 0.6076666666666668
471 Best: 0.8166666666666667 Mean: 0.6160000000000001
New best: 0.8666666666666667 Gene: ((((1 + (f4 + f0)) + ((f5 + -4) + (f1 + f3))) + (f2 + ((f3 + f3) % (f2 + f2)))) % (((f2 + f0) + ((-2 + f3) + (f5 + f4))) + 3)) < 0.0769876602883881
472 Best: 0.8666666666666667 Mean: 0.6100000000000001
473 Best: 0.8666666666666667 Mean: 0.5843333333333335
474 Best: 0.8666666666666667 Mean: 0.6056666666666668
475 Best: 0.8666666666666667 Mean: 0.6210000000000001
476 Best: 0.8666666666666667 Mean: 0.6060000000000001
477 Best: 0.8666666666666667 Mean: 0.6073333333333334
478 Best: 0.8666666666666667 Mean: 0.5896666666666668
479 Best: 0.8666666666666667 Mean: 0.6280000000000002
480 Best: 0.8666666666666667 Mean: 0.6143333333333334
481 Best: 0.8666666666666667 Mean: 0.6080000000000001
482 Best: 0.8666666666666667 Mean: 0.5923333333333335
483 Best: 0.8666666666666667 Mean: 0.6016666666666669
484 Best: 0.8666666666666667 Mean: 0.6123333333333334
485 Best: 0.8666666666666667 Mean: 0.5866666666666668
486 Best: 0.8666666666666667 Mean: 0.6406666666666669
487 Best: 0.8666666666666667 Mean: 0.6226666666666669
488 Best: 0.8666666666666667 Mean: 0.6406666666666669
489 Best: 0.8666666666666667 Mean: 0.6316666666666668
490 Best: 0.8666666666666667 Mean: 0.6010000000000002
491 Best: 0.8666666666666667 Mean: 0.6246666666666668
492 Best: 0.8666666666666667 Mean: 0.6000000000000001
493 Best: 0.8666666666666667 Mean: 0.6053333333333335
494 Best: 0.8666666666666667 Mean: 0.561
495 Best: 0.8666666666666667 Mean: 0.5776666666666668
496 Best: 0.8666666666666667 Mean: 0.5953333333333333
497 Best: 0.8666666666666667 Mean: 0.6376666666666669
498 Best: 0.8666666666666667 Mean: 0.6176666666666669
499 Best: 0.8666666666666667 Mean: 0.6026666666666666
500 Best: 0.8666666666666667 Mean: 0.61
501 Best: 0.8666666666666667 Mean: 0.6210000000000001
502 Best: 0.8666666666666667 Mean: 0.642
503 Best: 0.8666666666666667 Mean: 0.644
504 Best: 0.8666666666666667 Mean: 0.6346666666666666
505 Best: 0.8666666666666667 Mean: 0.6099999999999999
506 Best: 0.8666666666666667 Mean: 0.6226666666666667
507 Best: 0.8666666666666667 Mean: 0.6683333333333333
508 Best: 0.8666666666666667 Mean: 0.6166666666666666
509 Best: 0.8666666666666667 Mean: 0.6076666666666667
510 Best: 0.8666666666666667 Mean: 0.6763333333333332
511 Best: 0.8666666666666667 Mean: 0.6126666666666665
512 Best: 0.8666666666666667 Mean: 0.6123333333333333
New best: 0.8833333333333333 Gene: ((((3 + f1) + ((f0 + f4) + (f3 + f2))) + f5) % ((((f2 + f1) + (f3 + f2)) % (f3 + f4)) + ((f0 + (f1 + f3)) + 1))) < 0.05211959003976108
513 Best: 0.8833333333333333 Mean: 0.6433333333333335
514 Best: 0.8833333333333333 Mean: 0.6493333333333333
515 Best: 0.8833333333333333 Mean: 0.6283333333333335
516 Best: 0.8833333333333333 Mean: 0.6139999999999999
517 Best: 0.8833333333333333 Mean: 0.6266666666666668
518 Best: 0.8833333333333333 Mean: 0.6000000000000001
519 Best: 0.8833333333333333 Mean: 0.5936666666666666
520 Best: 0.8833333333333333 Mean: 0.6303333333333333
New best: 0.9166666666666666 Gene: ((((3 + f1) + ((f0 + f4) + (f3 + f2))) + f5) % ((((f1 + f3) + (f0 + f4)) % ((f5 + f4) + (f0 + -1))) + ((f1 + (f2 + f3)) + 1))) < 0.05211959003976108
521 Best: 0.9166666666666666 Mean: 0.6673333333333333
522 Best: 0.9166666666666666 Mean: 0.6580000000000001
523 Best: 0.9166666666666666 Mean: 0.6653333333333333
524 Best: 0.9166666666666666 Mean: 0.6826666666666666
525 Best: 0.9166666666666666 Mean: 0.6356666666666666
526 Best: 0.9166666666666666 Mean: 0.6516666666666666
527 Best: 0.9166666666666666 Mean: 0.6509999999999999
528 Best: 0.9166666666666666 Mean: 0.5823333333333334
529 Best: 0.9166666666666666 Mean: 0.611
530 Best: 0.9166666666666666 Mean: 0.6206666666666666
531 Best: 0.9166666666666666 Mean: 0.6393333333333334
532 Best: 0.9166666666666666 Mean: 0.5760000000000001
533 Best: 0.9166666666666666 Mean: 0.621
534 Best: 0.9166666666666666 Mean: 0.6103333333333334
535 Best: 0.9166666666666666 Mean: 0.626
536 Best: 0.9166666666666666 Mean: 0.6349999999999999
537 Best: 0.9166666666666666 Mean: 0.6666666666666667
538 Best: 0.9166666666666666 Mean: 0.6676666666666666
539 Best: 0.9166666666666666 Mean: 0.6726666666666667
540 Best: 0.9166666666666666 Mean: 0.6456666666666666
541 Best: 0.9166666666666666 Mean: 0.664
542 Best: 0.9166666666666666 Mean: 0.6439999999999998
543 Best: 0.9166666666666666 Mean: 0.6413333333333333
544 Best: 0.9166666666666666 Mean: 0.6276666666666665
New best: 0.9333333333333333 Gene: ((((3 + f1) + ((f0 + f4) + (f3 + f2))) + f5) % ((f2 % (f5 + (f3 + f5))) + ((f1 + (f0 + f3)) + 1))) < 0.6684807048908901
545 Best: 0.9333333333333333 Mean: 0.662
546 Best: 0.9333333333333333 Mean: 0.6723333333333332
547 Best: 0.9333333333333333 Mean: 0.7056666666666664
548 Best: 0.9333333333333333 Mean: 0.6616666666666667
549 Best: 0.9333333333333333 Mean: 0.6683333333333334
550 Best: 0.9333333333333333 Mean: 0.6729999999999998
551 Best: 0.9333333333333333 Mean: 0.6653333333333333
552 Best: 0.9333333333333333 Mean: 0.607
553 Best: 0.9333333333333333 Mean: 0.6643333333333333
554 Best: 0.9333333333333333 Mean: 0.6419999999999999
555 Best: 0.9333333333333333 Mean: 0.6630000000000001
556 Best: 0.9333333333333333 Mean: 0.6133333333333333
557 Best: 0.9333333333333333 Mean: 0.635
558 Best: 0.9333333333333333 Mean: 0.6383333333333333
559 Best: 0.9333333333333333 Mean: 0.6553333333333334
560 Best: 0.9333333333333333 Mean: 0.6303333333333333
561 Best: 0.9333333333333333 Mean: 0.5956666666666668
562 Best: 0.9333333333333333 Mean: 0.6813333333333331
563 Best: 0.9333333333333333 Mean: 0.6919999999999998
564 Best: 0.9333333333333333 Mean: 0.6056666666666667
565 Best: 0.9333333333333333 Mean: 0.6249999999999999
566 Best: 0.9333333333333333 Mean: 0.6903333333333334
567 Best: 0.9333333333333333 Mean: 0.6633333333333333
568 Best: 0.9333333333333333 Mean: 0.6593333333333333
569 Best: 0.9333333333333333 Mean: 0.6709999999999999
570 Best: 0.9333333333333333 Mean: 0.5996666666666665
571 Best: 0.9333333333333333 Mean: 0.6343333333333332
572 Best: 0.9333333333333333 Mean: 0.6116666666666667
573 Best: 0.9333333333333333 Mean: 0.6136666666666666
574 Best: 0.9333333333333333 Mean: 0.6150000000000003
575 Best: 0.9333333333333333 Mean: 0.6063333333333333
576 Best: 0.9333333333333333 Mean: 0.6709999999999999
577 Best: 0.9333333333333333 Mean: 0.6683333333333333
578 Best: 0.9333333333333333 Mean: 0.6696666666666665
579 Best: 0.9333333333333333 Mean: 0.6253333333333333
580 Best: 0.9333333333333333 Mean: 0.6273333333333333
581 Best: 0.9333333333333333 Mean: 0.6539999999999999
582 Best: 0.9333333333333333 Mean: 0.6466666666666667
583 Best: 0.9333333333333333 Mean: 0.6203333333333334
584 Best: 0.9333333333333333 Mean: 0.6459999999999999
585 Best: 0.9333333333333333 Mean: 0.6429999999999998
586 Best: 0.9333333333333333 Mean: 0.6336666666666668
587 Best: 0.9333333333333333 Mean: 0.6386666666666666
588 Best: 0.9333333333333333 Mean: 0.6449999999999999
589 Best: 0.9333333333333333 Mean: 0.6246666666666667
590 Best: 0.9333333333333333 Mean: 0.6643333333333333
591 Best: 0.9333333333333333 Mean: 0.6373333333333333
592 Best: 0.9333333333333333 Mean: 0.6419999999999999
593 Best: 0.9333333333333333 Mean: 0.6503333333333332
594 Best: 0.9333333333333333 Mean: 0.6853333333333333
595 Best: 0.9333333333333333 Mean: 0.6546666666666667
596 Best: 0.9333333333333333 Mean: 0.636
597 Best: 0.9333333333333333 Mean: 0.6313333333333333
598 Best: 0.9333333333333333 Mean: 0.6053333333333334
599 Best: 0.9333333333333333 Mean: 0.5753333333333334
600 Best: 0.9333333333333333 Mean: 0.5976666666666666
601 Best: 0.9333333333333333 Mean: 0.5956666666666665
602 Best: 0.9333333333333333 Mean: 0.6326666666666666
603 Best: 0.9333333333333333 Mean: 0.6333333333333333
New best: 0.9833333333333333 Gene: ((((3 + f1) + ((f0 + f4) + (f3 + f5))) + f2) % 2) < 0.6684807048908901
604 Best: 0.9833333333333333 Mean: 0.6743333333333332
605 Best: 0.9833333333333333 Mean: 0.6456666666666667
606 Best: 0.9833333333333333 Mean: 0.6573333333333332
607 Best: 0.9833333333333333 Mean: 0.6486666666666666
608 Best: 0.9833333333333333 Mean: 0.6146666666666666
609 Best: 0.9833333333333333 Mean: 0.6349999999999999
610 Best: 0.9833333333333333 Mean: 0.6300000000000001
611 Best: 0.9833333333333333 Mean: 0.6689999999999999
612 Best: 0.9833333333333333 Mean: 0.7290000000000003
613 Best: 0.9833333333333333 Mean: 0.7103333333333336
614 Best: 0.9833333333333333 Mean: 0.7060000000000001
615 Best: 0.9833333333333333 Mean: 0.7633333333333335
616 Best: 0.9833333333333333 Mean: 0.6633333333333334
617 Best: 0.9833333333333333 Mean: 0.7196666666666667
618 Best: 0.9833333333333333 Mean: 0.7506666666666668
619 Best: 0.9833333333333333 Mean: 0.7273333333333335
620 Best: 0.9833333333333333 Mean: 0.7326666666666667
621 Best: 0.9833333333333333 Mean: 0.7073333333333334
622 Best: 0.9833333333333333 Mean: 0.7633333333333335
623 Best: 0.9833333333333333 Mean: 0.7240000000000001
624 Best: 0.9833333333333333 Mean: 0.6953333333333335
625 Best: 0.9833333333333333 Mean: 0.687
626 Best: 0.9833333333333333 Mean: 0.7810000000000001
627 Best: 0.9833333333333333 Mean: 0.7596666666666668
628 Best: 0.9833333333333333 Mean: 0.7913333333333337
629 Best: 0.9833333333333333 Mean: 0.6693333333333336
630 Best: 0.9833333333333333 Mean: 0.6896666666666665
631 Best: 0.9833333333333333 Mean: 0.6813333333333333
632 Best: 0.9833333333333333 Mean: 0.7333333333333336
633 Best: 0.9833333333333333 Mean: 0.7040000000000001
634 Best: 0.9833333333333333 Mean: 0.66
635 Best: 0.9833333333333333 Mean: 0.6860000000000003
636 Best: 0.9833333333333333 Mean: 0.6680000000000003
637 Best: 0.9833333333333333 Mean: 0.6556666666666667
638 Best: 0.9833333333333333 Mean: 0.6830000000000002
639 Best: 0.9833333333333333 Mean: 0.7256666666666669
640 Best: 0.9833333333333333 Mean: 0.713
641 Best: 0.9833333333333333 Mean: 0.7183333333333336
642 Best: 0.9833333333333333 Mean: 0.6470000000000001
643 Best: 0.9833333333333333 Mean: 0.679666666666667
644 Best: 0.9833333333333333 Mean: 0.7436666666666667
645 Best: 0.9833333333333333 Mean: 0.6926666666666668
646 Best: 0.9833333333333333 Mean: 0.6753333333333335
647 Best: 0.9833333333333333 Mean: 0.7256666666666668
648 Best: 0.9833333333333333 Mean: 0.7490000000000002
649 Best: 0.9833333333333333 Mean: 0.7356666666666668
650 Best: 0.9833333333333333 Mean: 0.7440000000000001
651 Best: 0.9833333333333333 Mean: 0.7120000000000002
652 Best: 0.9833333333333333 Mean: 0.7443333333333335
653 Best: 0.9833333333333333 Mean: 0.7380000000000001
654 Best: 0.9833333333333333 Mean: 0.6966666666666668
655 Best: 0.9833333333333333 Mean: 0.6740000000000002
656 Best: 0.9833333333333333 Mean: 0.7110000000000001
657 Best: 0.9833333333333333 Mean: 0.6990000000000002
658 Best: 0.9833333333333333 Mean: 0.6810000000000003
659 Best: 0.9833333333333333 Mean: 0.7226666666666668
660 Best: 0.9833333333333333 Mean: 0.6920000000000003
661 Best: 0.9833333333333333 Mean: 0.661
662 Best: 0.9833333333333333 Mean: 0.7563333333333333
663 Best: 0.9833333333333333 Mean: 0.7613333333333334
664 Best: 0.9833333333333333 Mean: 0.7023333333333335
665 Best: 0.9833333333333333 Mean: 0.6870000000000002
666 Best: 0.9833333333333333 Mean: 0.6733333333333333
667 Best: 0.9833333333333333 Mean: 0.686
668 Best: 0.9833333333333333 Mean: 0.7746666666666668
669 Best: 0.9833333333333333 Mean: 0.672
670 Best: 0.9833333333333333 Mean: 0.6940000000000001
671 Best: 0.9833333333333333 Mean: 0.6896666666666669
672 Best: 0.9833333333333333 Mean: 0.6563333333333334
673 Best: 0.9833333333333333 Mean: 0.6363333333333334
674 Best: 0.9833333333333333 Mean: 0.6876666666666668
675 Best: 0.9833333333333333 Mean: 0.6900000000000003
676 Best: 0.9833333333333333 Mean: 0.7260000000000002
677 Best: 0.9833333333333333 Mean: 0.7123333333333335
678 Best: 0.9833333333333333 Mean: 0.7076666666666668
679 Best: 0.9833333333333333 Mean: 0.7086666666666668
680 Best: 0.9833333333333333 Mean: 0.6993333333333334
681 Best: 0.9833333333333333 Mean: 0.7433333333333334
682 Best: 0.9833333333333333 Mean: 0.7330000000000002
683 Best: 0.9833333333333333 Mean: 0.685
684 Best: 0.9833333333333333 Mean: 0.7373333333333335
685 Best: 0.9833333333333333 Mean: 0.7840000000000003
686 Best: 0.9833333333333333 Mean: 0.7286666666666668
687 Best: 0.9833333333333333 Mean: 0.8103333333333336
688 Best: 0.9833333333333333 Mean: 0.7613333333333335
689 Best: 0.9833333333333333 Mean: 0.727
690 Best: 0.9833333333333333 Mean: 0.7446666666666668
691 Best: 0.9833333333333333 Mean: 0.7316666666666669
692 Best: 0.9833333333333333 Mean: 0.7403333333333336
693 Best: 0.9833333333333333 Mean: 0.780666666666667
694 Best: 0.9833333333333333 Mean: 0.7240000000000001
695 Best: 0.9833333333333333 Mean: 0.7626666666666668
696 Best: 0.9833333333333333 Mean: 0.784666666666667
697 Best: 0.9833333333333333 Mean: 0.7046666666666668
698 Best: 0.9833333333333333 Mean: 0.6636666666666667
699 Best: 0.9833333333333333 Mean: 0.7313333333333334
700 Best: 0.9833333333333333 Mean: 0.7286666666666669
701 Best: 0.9833333333333333 Mean: 0.7543333333333335
702 Best: 0.9833333333333333 Mean: 0.7213333333333334
703 Best: 0.9833333333333333 Mean: 0.7550000000000001
704 Best: 0.9833333333333333 Mean: 0.7686666666666668
705 Best: 0.9833333333333333 Mean: 0.7636666666666669
706 Best: 0.9833333333333333 Mean: 0.7653333333333336
707 Best: 0.9833333333333333 Mean: 0.7463333333333334
708 Best: 0.9833333333333333 Mean: 0.7366666666666668
709 Best: 0.9833333333333333 Mean: 0.7320000000000002
710 Best: 0.9833333333333333 Mean: 0.725
711 Best: 0.9833333333333333 Mean: 0.6620000000000001
712 Best: 0.9833333333333333 Mean: 0.6773333333333335
713 Best: 0.9833333333333333 Mean: 0.7176666666666668
714 Best: 0.9833333333333333 Mean: 0.7046666666666668
715 Best: 0.9833333333333333 Mean: 0.6450000000000001
716 Best: 0.9833333333333333 Mean: 0.7140000000000003
717 Best: 0.9833333333333333 Mean: 0.7160000000000001
718 Best: 0.9833333333333333 Mean: 0.7213333333333334
719 Best: 0.9833333333333333 Mean: 0.7346666666666667
720 Best: 0.9833333333333333 Mean: 0.7413333333333334
721 Best: 0.9833333333333333 Mean: 0.7410000000000002
722 Best: 0.9833333333333333 Mean: 0.7190000000000001
723 Best: 0.9833333333333333 Mean: 0.726
724 Best: 0.9833333333333333 Mean: 0.7143333333333335
725 Best: 0.9833333333333333 Mean: 0.6826666666666668
726 Best: 0.9833333333333333 Mean: 0.6646666666666667
727 Best: 0.9833333333333333 Mean: 0.6733333333333335
728 Best: 0.9833333333333333 Mean: 0.6993333333333334
729 Best: 0.9833333333333333 Mean: 0.7450000000000001
730 Best: 0.9833333333333333 Mean: 0.6613333333333334
731 Best: 0.9833333333333333 Mean: 0.7006666666666667
732 Best: 0.9833333333333333 Mean: 0.7276666666666669
733 Best: 0.9833333333333333 Mean: 0.7350000000000001
734 Best: 0.9833333333333333 Mean: 0.7133333333333334
735 Best: 0.9833333333333333 Mean: 0.7376666666666667
736 Best: 0.9833333333333333 Mean: 0.6680000000000003
737 Best: 0.9833333333333333 Mean: 0.6616666666666668
738 Best: 0.9833333333333333 Mean: 0.7276666666666669
739 Best: 0.9833333333333333 Mean: 0.742
740 Best: 0.9833333333333333 Mean: 0.6756666666666667
741 Best: 0.9833333333333333 Mean: 0.7170000000000001
742 Best: 0.9833333333333333 Mean: 0.715
743 Best: 0.9833333333333333 Mean: 0.7896666666666668
744 Best: 0.9833333333333333 Mean: 0.7810000000000004
745 Best: 0.9833333333333333 Mean: 0.7916666666666669
746 Best: 0.9833333333333333 Mean: 0.7160000000000002
747 Best: 0.9833333333333333 Mean: 0.7573333333333335
748 Best: 0.9833333333333333 Mean: 0.7056666666666668
749 Best: 0.9833333333333333 Mean: 0.6773333333333333
750 Best: 0.9833333333333333 Mean: 0.6936666666666669
751 Best: 0.9833333333333333 Mean: 0.6763333333333335
752 Best: 0.9833333333333333 Mean: 0.7153333333333335
